18:41:17,318 (main) DEBUG [DataNucleus.General] - Using PluginRegistry org.datanucleus.plugin.NonManagedPluginRegistry
18:41:17,336 (main) DEBUG [DataNucleus.General] - Registering bundle org.eclipse.sisu.inject version 0.3.4 at URL file:/C:/Users/Jaime/.m2/repository/org/eclipse/sisu/org.eclipse.sisu.inject/0.3.4/org.eclipse.sisu.inject-0.3.4.jar.
18:41:17,356 (main) DEBUG [DataNucleus.General] - Leyendo extension-points y extensiones del archivo de plug-in jar:file:/C:/Users/Jaime/.m2/repository/org/eclipse/sisu/org.eclipse.sisu.inject/0.3.4/org.eclipse.sisu.inject-0.3.4.jar!/plugin.xml.
18:41:17,358 (main) DEBUG [DataNucleus.General] - Registering bundle org.datanucleus version 6.0.3 at URL file:/C:/Users/Jaime/.m2/repository/org/datanucleus/datanucleus-core/6.0.3/datanucleus-core-6.0.3.jar.
18:41:17,361 (main) DEBUG [DataNucleus.General] - Leyendo extension-points y extensiones del archivo de plug-in jar:file:/C:/Users/Jaime/.m2/repository/org/datanucleus/datanucleus-core/6.0.3/datanucleus-core-6.0.3.jar!/plugin.xml.
18:41:17,367 (main) DEBUG [DataNucleus.General] - Registering bundle org.datanucleus.api.jdo version 6.0.1 at URL file:/C:/Users/Jaime/.m2/repository/org/datanucleus/datanucleus-api-jdo/6.0.1/datanucleus-api-jdo-6.0.1.jar.
18:41:17,371 (main) DEBUG [DataNucleus.General] - Leyendo extension-points y extensiones del archivo de plug-in jar:file:/C:/Users/Jaime/.m2/repository/org/datanucleus/datanucleus-api-jdo/6.0.1/datanucleus-api-jdo-6.0.1.jar!/plugin.xml.
18:41:17,374 (main) DEBUG [DataNucleus.General] - Registering bundle org.datanucleus.store.rdbms version 6.0.3 at URL file:/C:/Users/Jaime/.m2/repository/org/datanucleus/datanucleus-rdbms/6.0.3/datanucleus-rdbms-6.0.3.jar.
18:41:17,376 (main) DEBUG [DataNucleus.General] - Leyendo extension-points y extensiones del archivo de plug-in jar:file:/C:/Users/Jaime/.m2/repository/org/datanucleus/datanucleus-rdbms/6.0.3/datanucleus-rdbms-6.0.3.jar!/plugin.xml.
18:41:17,396 (main) DEBUG [DataNucleus.Persistence] - Tipos de Java inicializando ...
18:41:17,420 (main) DEBUG [DataNucleus.Persistence] - Soporte para tipos de Java listo : tipos soportados = [B, [C, [D, [F, [I, [J, [Ljava.lang.Boolean;, [Ljava.lang.Byte;, [Ljava.lang.Character;, [Ljava.lang.Double;, [Ljava.lang.Enum;, [Ljava.lang.Float;, [Ljava.lang.Integer;, [Ljava.lang.Long;, [Ljava.lang.Number;, [Ljava.lang.Object;, [Ljava.lang.Short;, [Ljava.lang.String;, [Ljava.math.BigDecimal;, [Ljava.math.BigInteger;, [Ljava.util.Date;, [Ljava.util.Locale;, [S, [Z, boolean, byte, char, double, float, int, java.awt.Color, java.awt.image.BufferedImage, java.lang.Boolean, java.lang.Byte, java.lang.Character, java.lang.Class, java.lang.Double, java.lang.Enum, java.lang.Float, java.lang.Integer, java.lang.Long, java.lang.Number, java.lang.Short, java.lang.String, java.lang.StringBuffer, java.lang.StringBuilder, java.math.BigDecimal, java.math.BigInteger, java.net.URI, java.net.URL, java.sql.Date, java.sql.Time, java.sql.Timestamp, java.time.Duration, java.time.Instant, java.time.LocalDate, java.time.LocalDateTime, java.time.LocalTime, java.time.MonthDay, java.time.OffsetDateTime, java.time.OffsetTime, java.time.Period, java.time.Year, java.time.YearMonth, java.time.ZonedDateTime, java.time.ZoneId, java.time.ZoneOffset, java.util.ArrayList, java.util.Arrays$ArrayList, java.util.BitSet, java.util.Calendar, java.util.Collection, java.util.Currency, java.util.Date, java.util.GregorianCalendar, java.util.HashMap, java.util.HashSet, java.util.Hashtable, java.util.LinkedHashMap, java.util.LinkedHashSet, java.util.LinkedList, java.util.List, java.util.Locale, java.util.Map, java.util.Optional, java.util.PriorityQueue, java.util.Properties, java.util.Queue, java.util.Set, java.util.SortedMap, java.util.SortedSet, java.util.Stack, java.util.TimeZone, java.util.TreeMap, java.util.TreeSet, java.util.UUID, java.util.Vector, long, short
18:41:17,420 (main) DEBUG [DataNucleus.Persistence] - Inicializando TypeConverters ...
18:41:17,434 (main) DEBUG [DataNucleus.Persistence] - TypeConverters listo
18:41:17,434 (main) DEBUG [DataNucleus.Persistence] - TypeConverter(s) available for byte[] to : java.nio.ByteBuffer
18:41:17,434 (main) DEBUG [DataNucleus.Persistence] - TypeConverter(s) available for char[] to : java.nio.ByteBuffer
18:41:17,434 (main) DEBUG [DataNucleus.Persistence] - TypeConverter(s) available for double[] to : java.nio.ByteBuffer
18:41:17,434 (main) DEBUG [DataNucleus.Persistence] - TypeConverter(s) available for float[] to : java.nio.ByteBuffer
18:41:17,435 (main) DEBUG [DataNucleus.Persistence] - TypeConverter(s) available for int[] to : java.nio.ByteBuffer
18:41:17,435 (main) DEBUG [DataNucleus.Persistence] - TypeConverter(s) available for long[] to : java.nio.ByteBuffer
18:41:17,435 (main) DEBUG [DataNucleus.Persistence] - TypeConverter(s) available for [Ljava.math.BigDecimal; to : java.nio.ByteBuffer
18:41:17,435 (main) DEBUG [DataNucleus.Persistence] - TypeConverter(s) available for [Ljava.math.BigInteger; to : java.nio.ByteBuffer
18:41:17,435 (main) DEBUG [DataNucleus.Persistence] - TypeConverter(s) available for short[] to : java.nio.ByteBuffer
18:41:17,435 (main) DEBUG [DataNucleus.Persistence] - TypeConverter(s) available for boolean[] to : java.nio.ByteBuffer
18:41:17,435 (main) DEBUG [DataNucleus.Persistence] - TypeConverter(s) available for java.awt.Color to : java.lang.String,int[]
18:41:17,435 (main) DEBUG [DataNucleus.Persistence] - TypeConverter(s) available for java.awt.image.BufferedImage to : byte[],java.nio.ByteBuffer
18:41:17,435 (main) DEBUG [DataNucleus.Persistence] - TypeConverter(s) available for java.io.Serializable to : byte[],java.nio.ByteBuffer,java.lang.String
18:41:17,435 (main) DEBUG [DataNucleus.Persistence] - TypeConverter(s) available for java.lang.Boolean to : java.lang.Character,java.lang.Integer
18:41:17,435 (main) DEBUG [DataNucleus.Persistence] - TypeConverter(s) available for java.lang.Character to : java.lang.String
18:41:17,435 (main) DEBUG [DataNucleus.Persistence] - TypeConverter(s) available for java.lang.Class to : java.lang.String
18:41:17,435 (main) DEBUG [DataNucleus.Persistence] - TypeConverter(s) available for java.lang.Integer to : java.lang.String
18:41:17,435 (main) DEBUG [DataNucleus.Persistence] - TypeConverter(s) available for java.lang.Long to : java.lang.String
18:41:17,435 (main) DEBUG [DataNucleus.Persistence] - TypeConverter(s) available for java.lang.StringBuffer to : java.lang.String
18:41:17,435 (main) DEBUG [DataNucleus.Persistence] - TypeConverter(s) available for java.lang.StringBuilder to : java.lang.String
18:41:17,435 (main) DEBUG [DataNucleus.Persistence] - TypeConverter(s) available for java.math.BigDecimal to : java.lang.Double,java.lang.String
18:41:17,436 (main) DEBUG [DataNucleus.Persistence] - TypeConverter(s) available for java.math.BigInteger to : java.lang.String,java.lang.Long
18:41:17,436 (main) DEBUG [DataNucleus.Persistence] - TypeConverter(s) available for java.net.URI to : java.lang.String
18:41:17,436 (main) DEBUG [DataNucleus.Persistence] - TypeConverter(s) available for java.net.URL to : java.lang.String
18:41:17,436 (main) DEBUG [DataNucleus.Persistence] - TypeConverter(s) available for java.sql.Date to : java.util.Date,java.lang.Long,java.lang.String
18:41:17,436 (main) DEBUG [DataNucleus.Persistence] - TypeConverter(s) available for java.sql.Time to : java.util.Date,java.lang.Long,java.lang.String
18:41:17,436 (main) DEBUG [DataNucleus.Persistence] - TypeConverter(s) available for java.sql.Timestamp to : java.util.Date,java.lang.Long,java.lang.String
18:41:17,436 (main) DEBUG [DataNucleus.Persistence] - TypeConverter(s) available for java.time.Duration to : java.lang.Double,java.lang.String,java.lang.Long
18:41:17,436 (main) DEBUG [DataNucleus.Persistence] - TypeConverter(s) available for java.time.Instant to : java.sql.Timestamp,java.util.Date,java.lang.String,java.lang.Long
18:41:17,436 (main) DEBUG [DataNucleus.Persistence] - TypeConverter(s) available for java.time.LocalDate to : java.sql.Date,java.util.Date,java.lang.String
18:41:17,436 (main) DEBUG [DataNucleus.Persistence] - TypeConverter(s) available for java.time.LocalDateTime to : java.sql.Timestamp,java.util.Date,java.lang.String
18:41:17,436 (main) DEBUG [DataNucleus.Persistence] - TypeConverter(s) available for java.time.LocalTime to : java.util.Date,java.lang.String,java.sql.Time,java.lang.Long
18:41:17,436 (main) DEBUG [DataNucleus.Persistence] - TypeConverter(s) available for java.time.MonthDay to : java.sql.Date,java.util.Date,java.lang.String,int[]
18:41:17,436 (main) DEBUG [DataNucleus.Persistence] - TypeConverter(s) available for java.time.OffsetDateTime to : java.sql.Timestamp,java.util.Date,java.lang.String
18:41:17,436 (main) DEBUG [DataNucleus.Persistence] - TypeConverter(s) available for java.time.OffsetTime to : java.lang.String,java.lang.Long,java.sql.Time
18:41:17,436 (main) DEBUG [DataNucleus.Persistence] - TypeConverter(s) available for java.time.Period to : java.lang.String,int[]
18:41:17,437 (main) DEBUG [DataNucleus.Persistence] - TypeConverter(s) available for java.time.Year to : java.lang.String,java.lang.Integer
18:41:17,437 (main) DEBUG [DataNucleus.Persistence] - TypeConverter(s) available for java.time.YearMonth to : java.sql.Date,java.util.Date,java.lang.String,int[]
18:41:17,437 (main) DEBUG [DataNucleus.Persistence] - TypeConverter(s) available for java.time.ZonedDateTime to : java.sql.Timestamp,java.lang.String
18:41:17,437 (main) DEBUG [DataNucleus.Persistence] - TypeConverter(s) available for java.time.ZoneId to : java.lang.String
18:41:17,437 (main) DEBUG [DataNucleus.Persistence] - TypeConverter(s) available for java.time.ZoneOffset to : java.lang.String
18:41:17,437 (main) DEBUG [DataNucleus.Persistence] - TypeConverter(s) available for java.util.BitSet to : java.lang.String
18:41:17,437 (main) DEBUG [DataNucleus.Persistence] - TypeConverter(s) available for java.util.Calendar to : java.sql.Timestamp,java.util.Date,java.lang.String,[Ljava.lang.Object;
18:41:17,437 (main) DEBUG [DataNucleus.Persistence] - TypeConverter(s) available for java.util.Currency to : java.lang.String
18:41:17,437 (main) DEBUG [DataNucleus.Persistence] - TypeConverter(s) available for java.util.Date to : java.lang.Long,java.lang.String
18:41:17,437 (main) DEBUG [DataNucleus.Persistence] - TypeConverter(s) available for java.util.Locale to : java.lang.String
18:41:17,437 (main) DEBUG [DataNucleus.Persistence] - TypeConverter(s) available for java.util.TimeZone to : java.lang.String
18:41:17,437 (main) DEBUG [DataNucleus.Persistence] - TypeConverter(s) available for java.util.UUID to : java.lang.String
18:41:17,444 (main) DEBUG [DataNucleus.MetaData] - MetaDataManager : Input=(XML,Annotations), XML-Validation=false, XML-Suffices=(persistence=*.jdo, orm=orm, query=*.jdoquery), JDO-listener=false
18:41:17,444 (main) INFO  [DataNucleus.Enhancer] - DataNucleus Enhancer (versión 6.0.3) para el API "JDO" utilisando el JRE "{2}"
18:41:17,445 (main) DEBUG [DataNucleus.Enhancer] - DataNucleus Enhancer : Classpath
18:41:17,445 (main) DEBUG [DataNucleus.Enhancer] - >>  C:\Users\Jaime\.m2\repository\org\datanucleus\datanucleus-maven-plugin\6.0.0-release\datanucleus-maven-plugin-6.0.0-release.jar
18:41:17,445 (main) DEBUG [DataNucleus.Enhancer] - >>  C:\Users\Jaime\.m2\repository\org\codehaus\plexus\plexus-utils\3.3.0\plexus-utils-3.3.0.jar
18:41:17,445 (main) DEBUG [DataNucleus.Enhancer] - >>  C:\Users\Jaime\.m2\repository\org\apache\maven\maven-artifact\3.8.1\maven-artifact-3.8.1.jar
18:41:17,445 (main) DEBUG [DataNucleus.Enhancer] - >>  C:\Users\Jaime\.m2\repository\org\apache\commons\commons-lang3\3.8.1\commons-lang3-3.8.1.jar
18:41:17,445 (main) DEBUG [DataNucleus.Enhancer] - >>  C:\Users\Jaime\.m2\repository\org\apache\maven\maven-plugin-api\3.8.1\maven-plugin-api-3.8.1.jar
18:41:17,445 (main) DEBUG [DataNucleus.Enhancer] - >>  C:\Users\Jaime\.m2\repository\org\apache\maven\maven-model\3.8.1\maven-model-3.8.1.jar
18:41:17,445 (main) DEBUG [DataNucleus.Enhancer] - >>  C:\Users\Jaime\.m2\repository\org\eclipse\sisu\org.eclipse.sisu.plexus\0.3.4\org.eclipse.sisu.plexus-0.3.4.jar
18:41:17,445 (main) DEBUG [DataNucleus.Enhancer] - >>  C:\Users\Jaime\.m2\repository\javax\enterprise\cdi-api\1.0\cdi-api-1.0.jar
18:41:17,445 (main) DEBUG [DataNucleus.Enhancer] - >>  C:\Users\Jaime\.m2\repository\javax\annotation\jsr250-api\1.0\jsr250-api-1.0.jar
18:41:17,445 (main) DEBUG [DataNucleus.Enhancer] - >>  C:\Users\Jaime\.m2\repository\javax\inject\javax.inject\1\javax.inject-1.jar
18:41:17,446 (main) DEBUG [DataNucleus.Enhancer] - >>  C:\Users\Jaime\.m2\repository\org\eclipse\sisu\org.eclipse.sisu.inject\0.3.4\org.eclipse.sisu.inject-0.3.4.jar
18:41:17,446 (main) DEBUG [DataNucleus.Enhancer] - >>  C:\Users\Jaime\.m2\repository\org\codehaus\plexus\plexus-component-annotations\1.5.5\plexus-component-annotations-1.5.5.jar
18:41:17,446 (main) DEBUG [DataNucleus.Enhancer] - >>  C:\Users\Jaime\.m2\repository\org\codehaus\plexus\plexus-classworlds\2.6.0\plexus-classworlds-2.6.0.jar
18:41:17,446 (main) DEBUG [DataNucleus.Enhancer] - >>  C:\Users\Jaime\.m2\repository\org\codehaus\plexus\plexus-container-default\2.1.0\plexus-container-default-2.1.0.jar
18:41:17,446 (main) DEBUG [DataNucleus.Enhancer] - >>  C:\Users\Jaime\.m2\repository\org\apache\xbean\xbean-reflect\3.7\xbean-reflect-3.7.jar
18:41:17,446 (main) DEBUG [DataNucleus.Enhancer] - >>  C:\Users\Jaime\.m2\repository\com\google\collections\google-collections\1.0\google-collections-1.0.jar
18:41:17,446 (main) DEBUG [DataNucleus.Enhancer] - >>  C:\Users\Jaime\eclipse-workspaceMaven\proyectoProcesoSoftwareYCalidad\example-jersey-jdo-mysql\target\classes
18:41:17,446 (main) DEBUG [DataNucleus.Enhancer] - >>  C:\Users\Jaime\.m2\repository\org\datanucleus\javax.jdo\3.2.1\javax.jdo-3.2.1.jar
18:41:17,446 (main) DEBUG [DataNucleus.Enhancer] - >>  C:\Users\Jaime\.m2\repository\javax\transaction\javax.transaction-api\1.3\javax.transaction-api-1.3.jar
18:41:17,446 (main) DEBUG [DataNucleus.Enhancer] - >>  C:\Users\Jaime\.m2\repository\org\glassfish\corba\glassfish-corba-omgapi\4.2.2\glassfish-corba-omgapi-4.2.2.jar
18:41:17,446 (main) DEBUG [DataNucleus.Enhancer] - >>  C:\Users\Jaime\.m2\repository\org\datanucleus\datanucleus-core\6.0.3\datanucleus-core-6.0.3.jar
18:41:17,446 (main) DEBUG [DataNucleus.Enhancer] - >>  C:\Users\Jaime\.m2\repository\org\datanucleus\datanucleus-api-jdo\6.0.1\datanucleus-api-jdo-6.0.1.jar
18:41:17,446 (main) DEBUG [DataNucleus.Enhancer] - >>  C:\Users\Jaime\.m2\repository\org\datanucleus\datanucleus-rdbms\6.0.3\datanucleus-rdbms-6.0.3.jar
18:41:17,446 (main) DEBUG [DataNucleus.Enhancer] - >>  C:\Users\Jaime\.m2\repository\mysql\mysql-connector-java\8.0.29\mysql-connector-java-8.0.29.jar
18:41:17,447 (main) DEBUG [DataNucleus.Enhancer] - >>  C:\Users\Jaime\.m2\repository\com\google\protobuf\protobuf-java\3.19.4\protobuf-java-3.19.4.jar
18:41:17,447 (main) DEBUG [DataNucleus.Enhancer] - >>  C:\Users\Jaime\.m2\repository\org\apache\logging\log4j\log4j-api\2.20.0\log4j-api-2.20.0.jar
18:41:17,447 (main) DEBUG [DataNucleus.Enhancer] - >>  C:\Users\Jaime\.m2\repository\org\apache\logging\log4j\log4j-core\2.20.0\log4j-core-2.20.0.jar
18:41:17,447 (main) DEBUG [DataNucleus.Enhancer] - >>  C:\Users\Jaime\.m2\repository\org\glassfish\jersey\containers\jersey-container-servlet-core\2.35\jersey-container-servlet-core-2.35.jar
18:41:17,447 (main) DEBUG [DataNucleus.Enhancer] - >>  C:\Users\Jaime\.m2\repository\org\glassfish\hk2\external\jakarta.inject\2.6.1\jakarta.inject-2.6.1.jar
18:41:17,447 (main) DEBUG [DataNucleus.Enhancer] - >>  C:\Users\Jaime\.m2\repository\org\glassfish\jersey\core\jersey-common\2.35\jersey-common-2.35.jar
18:41:17,447 (main) DEBUG [DataNucleus.Enhancer] - >>  C:\Users\Jaime\.m2\repository\jakarta\annotation\jakarta.annotation-api\1.3.5\jakarta.annotation-api-1.3.5.jar
18:41:17,447 (main) DEBUG [DataNucleus.Enhancer] - >>  C:\Users\Jaime\.m2\repository\org\glassfish\hk2\osgi-resource-locator\1.0.3\osgi-resource-locator-1.0.3.jar
18:41:17,447 (main) DEBUG [DataNucleus.Enhancer] - >>  C:\Users\Jaime\.m2\repository\org\glassfish\jersey\core\jersey-server\2.35\jersey-server-2.35.jar
18:41:17,447 (main) DEBUG [DataNucleus.Enhancer] - >>  C:\Users\Jaime\.m2\repository\org\glassfish\jersey\core\jersey-client\2.35\jersey-client-2.35.jar
18:41:17,447 (main) DEBUG [DataNucleus.Enhancer] - >>  C:\Users\Jaime\.m2\repository\jakarta\validation\jakarta.validation-api\2.0.2\jakarta.validation-api-2.0.2.jar
18:41:17,447 (main) DEBUG [DataNucleus.Enhancer] - >>  C:\Users\Jaime\.m2\repository\jakarta\ws\rs\jakarta.ws.rs-api\2.1.6\jakarta.ws.rs-api-2.1.6.jar
18:41:17,447 (main) DEBUG [DataNucleus.Enhancer] - >>  C:\Users\Jaime\.m2\repository\org\glassfish\jersey\inject\jersey-hk2\2.35\jersey-hk2-2.35.jar
18:41:17,447 (main) DEBUG [DataNucleus.Enhancer] - >>  C:\Users\Jaime\.m2\repository\org\glassfish\hk2\hk2-locator\2.6.1\hk2-locator-2.6.1.jar
18:41:17,447 (main) DEBUG [DataNucleus.Enhancer] - >>  C:\Users\Jaime\.m2\repository\org\glassfish\hk2\external\aopalliance-repackaged\2.6.1\aopalliance-repackaged-2.6.1.jar
18:41:17,448 (main) DEBUG [DataNucleus.Enhancer] - >>  C:\Users\Jaime\.m2\repository\org\glassfish\hk2\hk2-api\2.6.1\hk2-api-2.6.1.jar
18:41:17,448 (main) DEBUG [DataNucleus.Enhancer] - >>  C:\Users\Jaime\.m2\repository\org\glassfish\hk2\hk2-utils\2.6.1\hk2-utils-2.6.1.jar
18:41:17,448 (main) DEBUG [DataNucleus.Enhancer] - >>  C:\Users\Jaime\.m2\repository\org\javassist\javassist\3.25.0-GA\javassist-3.25.0-GA.jar
18:41:17,448 (main) DEBUG [DataNucleus.Enhancer] - >>  C:\Users\Jaime\.m2\repository\org\glassfish\jersey\media\jersey-media-json-jackson\2.35\jersey-media-json-jackson-2.35.jar
18:41:17,448 (main) DEBUG [DataNucleus.Enhancer] - >>  C:\Users\Jaime\.m2\repository\org\glassfish\jersey\ext\jersey-entity-filtering\2.35\jersey-entity-filtering-2.35.jar
18:41:17,448 (main) DEBUG [DataNucleus.Enhancer] - >>  C:\Users\Jaime\.m2\repository\com\fasterxml\jackson\core\jackson-annotations\2.12.2\jackson-annotations-2.12.2.jar
18:41:17,448 (main) DEBUG [DataNucleus.Enhancer] - >>  C:\Users\Jaime\.m2\repository\com\fasterxml\jackson\core\jackson-databind\2.12.2\jackson-databind-2.12.2.jar
18:41:17,448 (main) DEBUG [DataNucleus.Enhancer] - >>  C:\Users\Jaime\.m2\repository\com\fasterxml\jackson\core\jackson-core\2.12.2\jackson-core-2.12.2.jar
18:41:17,448 (main) DEBUG [DataNucleus.Enhancer] - >>  C:\Users\Jaime\.m2\repository\com\fasterxml\jackson\module\jackson-module-jaxb-annotations\2.12.2\jackson-module-jaxb-annotations-2.12.2.jar
18:41:17,448 (main) DEBUG [DataNucleus.Enhancer] - >>  C:\Users\Jaime\.m2\repository\jakarta\xml\bind\jakarta.xml.bind-api\2.3.2\jakarta.xml.bind-api-2.3.2.jar
18:41:17,448 (main) DEBUG [DataNucleus.Enhancer] - >>  C:\Users\Jaime\.m2\repository\jakarta\activation\jakarta.activation-api\1.2.1\jakarta.activation-api-1.2.1.jar
18:41:17,448 (main) DEBUG [DataNucleus.Enhancer] - Reading fileListFile: C:\Users\Jaime\AppData\Local\Temp\enhancer-6901378915427376771.flf
18:41:17,449 (main) DEBUG [DataNucleus.Enhancer] - Enhancing classes
18:41:17,455 (main) DEBUG [DataNucleus.MetaData] - MetaData Management : Carga de Metadata de las clases "[es.deusto.spq.client.ExampleClient, es.deusto.spq.pojo.DirectMessage, es.deusto.spq.pojo.MessageData, es.deusto.spq.pojo.UserData, es.deusto.spq.server.jdo.Message, es.deusto.spq.server.jdo.User, es.deusto.spq.server.Resource]" ...
18:41:17,458 (main) DEBUG [DataNucleus.MetaData] - No encontramos el MetaData del tipo "jdo" por la clase "es.deusto.spq.client.ExampleClient" en /META-INF/package.jdo
18:41:17,458 (main) DEBUG [DataNucleus.MetaData] - No encontramos el MetaData del tipo "jdo" por la clase "es.deusto.spq.client.ExampleClient" en /WEB-INF/package.jdo
18:41:17,458 (main) DEBUG [DataNucleus.MetaData] - No encontramos el MetaData del tipo "jdo" por la clase "es.deusto.spq.client.ExampleClient" en /package.jdo
18:41:17,458 (main) DEBUG [DataNucleus.MetaData] - No encontramos el MetaData del tipo "jdo" por la clase "es.deusto.spq.client.ExampleClient" en /es/package.jdo
18:41:17,458 (main) DEBUG [DataNucleus.MetaData] - No encontramos el MetaData del tipo "jdo" por la clase "es.deusto.spq.client.ExampleClient" en /es/deusto/package.jdo
18:41:17,459 (main) DEBUG [DataNucleus.MetaData] - No encontramos el MetaData del tipo "jdo" por la clase "es.deusto.spq.client.ExampleClient" en /es/deusto/spq/package.jdo
18:41:17,459 (main) DEBUG [DataNucleus.MetaData] - No encontramos el MetaData del tipo "jdo" por la clase "es.deusto.spq.client.ExampleClient" en /es/deusto/spq/client/package.jdo
18:41:17,459 (main) DEBUG [DataNucleus.MetaData] - No encontramos el MetaData del tipo "jdo" por la clase "es.deusto.spq.client.ExampleClient" en /es/deusto/spq/client/ExampleClient.jdo
18:41:17,459 (main) DEBUG [DataNucleus.MetaData] - No hemos encontrado el MetaData del tipo "jdo" por la clase "es.deusto.spq.client.ExampleClient"
18:41:17,459 (main) DEBUG [DataNucleus.MetaData] - Registrando la clase "es.deusto.spq.client.ExampleClient" no tener Meta-Data
18:41:17,459 (main) DEBUG [DataNucleus.MetaData] - La clase "es.deusto.spq.client.ExampleClient" no tiene MetaData o annotaciones.
18:41:17,460 (main) DEBUG [DataNucleus.MetaData] - No encontramos el MetaData del tipo "jdo" por la clase "es.deusto.spq.pojo.DirectMessage" en /META-INF/package.jdo
18:41:17,460 (main) DEBUG [DataNucleus.MetaData] - No encontramos el MetaData del tipo "jdo" por la clase "es.deusto.spq.pojo.DirectMessage" en /WEB-INF/package.jdo
18:41:17,460 (main) DEBUG [DataNucleus.MetaData] - No encontramos el MetaData del tipo "jdo" por la clase "es.deusto.spq.pojo.DirectMessage" en /package.jdo
18:41:17,461 (main) DEBUG [DataNucleus.MetaData] - No encontramos el MetaData del tipo "jdo" por la clase "es.deusto.spq.pojo.DirectMessage" en /es/package.jdo
18:41:17,461 (main) DEBUG [DataNucleus.MetaData] - No encontramos el MetaData del tipo "jdo" por la clase "es.deusto.spq.pojo.DirectMessage" en /es/deusto/package.jdo
18:41:17,461 (main) DEBUG [DataNucleus.MetaData] - No encontramos el MetaData del tipo "jdo" por la clase "es.deusto.spq.pojo.DirectMessage" en /es/deusto/spq/package.jdo
18:41:17,461 (main) DEBUG [DataNucleus.MetaData] - No encontramos el MetaData del tipo "jdo" por la clase "es.deusto.spq.pojo.DirectMessage" en /es/deusto/spq/pojo/package.jdo
18:41:17,461 (main) DEBUG [DataNucleus.MetaData] - No encontramos el MetaData del tipo "jdo" por la clase "es.deusto.spq.pojo.DirectMessage" en /es/deusto/spq/pojo/DirectMessage.jdo
18:41:17,461 (main) DEBUG [DataNucleus.MetaData] - No hemos encontrado el MetaData del tipo "jdo" por la clase "es.deusto.spq.pojo.DirectMessage"
18:41:17,462 (main) DEBUG [DataNucleus.MetaData] - Registrando la clase "es.deusto.spq.pojo.DirectMessage" no tener Meta-Data
18:41:17,462 (main) DEBUG [DataNucleus.MetaData] - La clase "es.deusto.spq.pojo.DirectMessage" no tiene MetaData o annotaciones.
18:41:17,462 (main) DEBUG [DataNucleus.MetaData] - No encontramos el MetaData del tipo "jdo" por la clase "es.deusto.spq.pojo.MessageData" en /META-INF/package.jdo
18:41:17,463 (main) DEBUG [DataNucleus.MetaData] - No encontramos el MetaData del tipo "jdo" por la clase "es.deusto.spq.pojo.MessageData" en /WEB-INF/package.jdo
18:41:17,463 (main) DEBUG [DataNucleus.MetaData] - No encontramos el MetaData del tipo "jdo" por la clase "es.deusto.spq.pojo.MessageData" en /package.jdo
18:41:17,463 (main) DEBUG [DataNucleus.MetaData] - No encontramos el MetaData del tipo "jdo" por la clase "es.deusto.spq.pojo.MessageData" en /es/package.jdo
18:41:17,463 (main) DEBUG [DataNucleus.MetaData] - No encontramos el MetaData del tipo "jdo" por la clase "es.deusto.spq.pojo.MessageData" en /es/deusto/package.jdo
18:41:17,463 (main) DEBUG [DataNucleus.MetaData] - No encontramos el MetaData del tipo "jdo" por la clase "es.deusto.spq.pojo.MessageData" en /es/deusto/spq/package.jdo
18:41:17,463 (main) DEBUG [DataNucleus.MetaData] - No encontramos el MetaData del tipo "jdo" por la clase "es.deusto.spq.pojo.MessageData" en /es/deusto/spq/pojo/package.jdo
18:41:17,464 (main) DEBUG [DataNucleus.MetaData] - No encontramos el MetaData del tipo "jdo" por la clase "es.deusto.spq.pojo.MessageData" en /es/deusto/spq/pojo/MessageData.jdo
18:41:17,464 (main) DEBUG [DataNucleus.MetaData] - No hemos encontrado el MetaData del tipo "jdo" por la clase "es.deusto.spq.pojo.MessageData"
18:41:17,464 (main) DEBUG [DataNucleus.MetaData] - Registrando la clase "es.deusto.spq.pojo.MessageData" no tener Meta-Data
18:41:17,464 (main) DEBUG [DataNucleus.MetaData] - La clase "es.deusto.spq.pojo.MessageData" no tiene MetaData o annotaciones.
18:41:17,464 (main) DEBUG [DataNucleus.MetaData] - No encontramos el MetaData del tipo "jdo" por la clase "es.deusto.spq.pojo.UserData" en /META-INF/package.jdo
18:41:17,465 (main) DEBUG [DataNucleus.MetaData] - No encontramos el MetaData del tipo "jdo" por la clase "es.deusto.spq.pojo.UserData" en /WEB-INF/package.jdo
18:41:17,465 (main) DEBUG [DataNucleus.MetaData] - No encontramos el MetaData del tipo "jdo" por la clase "es.deusto.spq.pojo.UserData" en /package.jdo
18:41:17,465 (main) DEBUG [DataNucleus.MetaData] - No encontramos el MetaData del tipo "jdo" por la clase "es.deusto.spq.pojo.UserData" en /es/package.jdo
18:41:17,465 (main) DEBUG [DataNucleus.MetaData] - No encontramos el MetaData del tipo "jdo" por la clase "es.deusto.spq.pojo.UserData" en /es/deusto/package.jdo
18:41:17,465 (main) DEBUG [DataNucleus.MetaData] - No encontramos el MetaData del tipo "jdo" por la clase "es.deusto.spq.pojo.UserData" en /es/deusto/spq/package.jdo
18:41:17,465 (main) DEBUG [DataNucleus.MetaData] - No encontramos el MetaData del tipo "jdo" por la clase "es.deusto.spq.pojo.UserData" en /es/deusto/spq/pojo/package.jdo
18:41:17,466 (main) DEBUG [DataNucleus.MetaData] - No encontramos el MetaData del tipo "jdo" por la clase "es.deusto.spq.pojo.UserData" en /es/deusto/spq/pojo/UserData.jdo
18:41:17,466 (main) DEBUG [DataNucleus.MetaData] - No hemos encontrado el MetaData del tipo "jdo" por la clase "es.deusto.spq.pojo.UserData"
18:41:17,466 (main) DEBUG [DataNucleus.MetaData] - Registrando la clase "es.deusto.spq.pojo.UserData" no tener Meta-Data
18:41:17,466 (main) DEBUG [DataNucleus.MetaData] - La clase "es.deusto.spq.pojo.UserData" no tiene MetaData o annotaciones.
18:41:17,483 (main) DEBUG [DataNucleus.MetaData] - Clase "es.deusto.spq.server.jdo.Message" tiene anotaciones de JDO y vamos a usarlas.
18:41:17,484 (main) DEBUG [DataNucleus.MetaData] - Clase "es.deusto.spq.server.jdo.User" tiene anotaciones de JDO y vamos a usarlas.
18:41:17,497 (main) DEBUG [DataNucleus.MetaData] - Clase "es.deusto.spq.server.Resource" tiene anotaciones pero no hay ningún AnnotationReader registrado para este tipo de anotaciones. Por favor compruebe el CLASSPATH y las anotaciones para validez.
18:41:17,497 (main) DEBUG [DataNucleus.MetaData] - No encontramos el MetaData del tipo "jdo" por la clase "es.deusto.spq.server.Resource" en /META-INF/package.jdo
18:41:17,497 (main) DEBUG [DataNucleus.MetaData] - No encontramos el MetaData del tipo "jdo" por la clase "es.deusto.spq.server.Resource" en /WEB-INF/package.jdo
18:41:17,497 (main) DEBUG [DataNucleus.MetaData] - No encontramos el MetaData del tipo "jdo" por la clase "es.deusto.spq.server.Resource" en /package.jdo
18:41:17,498 (main) DEBUG [DataNucleus.MetaData] - No encontramos el MetaData del tipo "jdo" por la clase "es.deusto.spq.server.Resource" en /es/package.jdo
18:41:17,498 (main) DEBUG [DataNucleus.MetaData] - No encontramos el MetaData del tipo "jdo" por la clase "es.deusto.spq.server.Resource" en /es/deusto/package.jdo
18:41:17,498 (main) DEBUG [DataNucleus.MetaData] - No encontramos el MetaData del tipo "jdo" por la clase "es.deusto.spq.server.Resource" en /es/deusto/spq/package.jdo
18:41:17,498 (main) DEBUG [DataNucleus.MetaData] - No encontramos el MetaData del tipo "jdo" por la clase "es.deusto.spq.server.Resource" en /es/deusto/spq/server/package.jdo
18:41:17,499 (main) DEBUG [DataNucleus.MetaData] - No encontramos el MetaData del tipo "jdo" por la clase "es.deusto.spq.server.Resource" en /es/deusto/spq/server/Resource.jdo
18:41:17,499 (main) DEBUG [DataNucleus.MetaData] - No hemos encontrado el MetaData del tipo "jdo" por la clase "es.deusto.spq.server.Resource"
18:41:17,499 (main) DEBUG [DataNucleus.MetaData] - Clase "es.deusto.spq.server.Resource" tiene anotaciones pero no hay ningún AnnotationReader registrado para este tipo de anotaciones. Por favor compruebe el CLASSPATH y las anotaciones para validez.
18:41:17,499 (main) DEBUG [DataNucleus.MetaData] - Registrando la clase "es.deusto.spq.server.Resource" no tener Meta-Data
18:41:17,499 (main) DEBUG [DataNucleus.MetaData] - La clase "es.deusto.spq.server.Resource" no tiene MetaData o annotaciones.
18:41:17,499 (main) DEBUG [DataNucleus.MetaData] - Populación del MetaData ...
18:41:17,500 (main) DEBUG [DataNucleus.MetaData] - Clase "es.deusto.spq.server.jdo.Message" : Populando Meta-Data
18:41:17,500 (main) DEBUG [DataNucleus.MetaData] - Clase "es.deusto.spq.server.jdo.Message" campo "user" : añadiendo el Meta-Data por el campo como no estaba en la definición de Meta-Data.
18:41:17,500 (main) DEBUG [DataNucleus.MetaData] - Clase "es.deusto.spq.server.jdo.Message" campo "text" : añadiendo el Meta-Data por el campo como no estaba en la definición de Meta-Data.
18:41:17,500 (main) DEBUG [DataNucleus.MetaData] - Clase "es.deusto.spq.server.jdo.Message" campo "timestamp" : añadiendo el Meta-Data por el campo como no estaba en la definición de Meta-Data.
18:41:17,501 (main) DEBUG [DataNucleus.MetaData] - Clase "es.deusto.spq.server.jdo.User" : Populando Meta-Data
18:41:17,501 (main) DEBUG [DataNucleus.MetaData] - Clase "es.deusto.spq.server.jdo.User" campo "password" : añadiendo el Meta-Data por el campo como no estaba en la definición de Meta-Data.
18:41:17,501 (main) DEBUG [DataNucleus.MetaData] - Inicialisación del MetaData ...
18:41:17,502 (main) DEBUG [DataNucleus.MetaData] - Clase "es.deusto.spq.server.jdo.Message" : Inicializando Meta-Data
18:41:17,502 (main) DEBUG [DataNucleus.MetaData] - Clase "es.deusto.spq.server.jdo.User" : Inicializando Meta-Data
18:41:17,503 (main) DEBUG [DataNucleus.MetaData] - MetaData Management : Carga de Metadata ya ha terminado
18:41:17,505 (main) DEBUG [DataNucleus.Enhancer] - Enhance de la clase "es.deusto.spq.server.jdo.Message" empezando ...
18:41:17,513 (main) DEBUG [DataNucleus.Enhancer] - La clase "es.deusto.spq.server.jdo.Message" no implementa el interfaz "org.datanucleus.enhancement.Persistable"!
18:41:17,513 (main) DEBUG [DataNucleus.Enhancer] - La clase "es.deusto.spq.server.jdo.Message" no tiene el campo "dnStateManager" pero lo necesita
18:41:17,513 (main) DEBUG [DataNucleus.Enhancer] - La clase "es.deusto.spq.server.jdo.Message" no tiene el campo "dnInheritedFieldCount" pero lo necesita
18:41:17,513 (main) DEBUG [DataNucleus.Enhancer] - La clase "es.deusto.spq.server.jdo.Message" no tiene el campo "dnFlags" pero lo necesita
18:41:17,514 (main) DEBUG [DataNucleus.Enhancer] - La clase "es.deusto.spq.server.jdo.Message" no tiene el campo "dnFieldNames" pero lo necesita
18:41:17,514 (main) DEBUG [DataNucleus.Enhancer] - La clase "es.deusto.spq.server.jdo.Message" no tiene el metodo "dnReplaceField" pero lo necesita
18:41:17,514 (main) DEBUG [DataNucleus.Enhancer] - La clase "es.deusto.spq.server.jdo.Message" no tiene el metodo "dnGetStateManager" pero lo necesita
18:41:17,514 (main) DEBUG [DataNucleus.Enhancer] - La clase "es.deusto.spq.server.jdo.Message" no tiene el metodo "dnIsTransactional" pero lo necesita
18:41:17,514 (main) DEBUG [DataNucleus.Enhancer] - La clase "es.deusto.spq.server.jdo.Message" no tiene el metodo "dnNewInstance" pero lo necesita
18:41:17,514 (main) DEBUG [DataNucleus.Enhancer] - La clase "es.deusto.spq.server.jdo.Message" no tiene el metodo "dnNewInstance" pero lo necesita
18:41:17,514 (main) DEBUG [DataNucleus.Enhancer] - La clase "es.deusto.spq.server.jdo.Message" no tiene el metodo "dnProvideFields" pero lo necesita
18:41:17,514 (main) DEBUG [DataNucleus.Enhancer] - La clase "es.deusto.spq.server.jdo.Message" no tiene el metodo "___dn$loadClass" pero lo necesita
18:41:17,514 (main) DEBUG [DataNucleus.Enhancer] - La clase "es.deusto.spq.server.jdo.Message" no tiene el metodo "dnGetManagedFieldCount" pero lo necesita
18:41:17,514 (main) DEBUG [DataNucleus.Enhancer] - La clase "es.deusto.spq.server.jdo.Message" no tiene el metodo "dnIsDirty" pero lo necesita
18:41:17,514 (main) DEBUG [DataNucleus.Enhancer] - La clase "es.deusto.spq.server.jdo.Message" no tiene el metodo "dnReplaceStateManager" pero lo necesita
18:41:17,514 (main) DEBUG [DataNucleus.Enhancer] - La clase "es.deusto.spq.server.jdo.Message" no tiene el metodo "dnReplaceFlags" pero lo necesita
18:41:17,515 (main) DEBUG [DataNucleus.Enhancer] - La clase "es.deusto.spq.server.jdo.Message" no tiene el metodo "dnIsDetached" pero lo necesita
18:41:17,515 (main) DEBUG [DataNucleus.Enhancer] - La clase "es.deusto.spq.server.jdo.Message" no tiene el metodo "dnMakeDirty" pero lo necesita
18:41:17,515 (main) DEBUG [DataNucleus.Enhancer] - La clase "es.deusto.spq.server.jdo.Message" no tiene el metodo "dnIsDeleted" pero lo necesita
18:41:17,515 (main) DEBUG [DataNucleus.Enhancer] - La clase "es.deusto.spq.server.jdo.Message" no tiene el metodo "dnProvideField" pero lo necesita
18:41:17,515 (main) DEBUG [DataNucleus.Enhancer] - La clase "es.deusto.spq.server.jdo.Message" no tiene el metodo "dnPreSerialize" pero lo necesita
18:41:17,515 (main) DEBUG [DataNucleus.Enhancer] - La clase "es.deusto.spq.server.jdo.Message" no tiene el metodo "dnGetObjectId" pero lo necesita
18:41:17,515 (main) DEBUG [DataNucleus.Enhancer] - La clase "es.deusto.spq.server.jdo.Message" no tiene el metodo "dnGetVersion" pero lo necesita
18:41:17,515 (main) DEBUG [DataNucleus.Enhancer] - La clase "es.deusto.spq.server.jdo.Message" no tiene el metodo "dnGetTransactionalObjectId" pero lo necesita
18:41:17,515 (main) DEBUG [DataNucleus.Enhancer] - La clase "es.deusto.spq.server.jdo.Message" no tiene el metodo "dnIsNew" pero lo necesita
18:41:17,515 (main) DEBUG [DataNucleus.Enhancer] - La clase "es.deusto.spq.server.jdo.Message" no tiene el metodo "dnCopyKeyFieldsToObjectId" pero lo necesita
18:41:17,515 (main) DEBUG [DataNucleus.Enhancer] - La clase "es.deusto.spq.server.jdo.Message" no tiene el metodo "dnCopyKeyFieldsToObjectId" pero lo necesita
18:41:17,515 (main) DEBUG [DataNucleus.Enhancer] - La clase "es.deusto.spq.server.jdo.Message" no tiene el metodo "dnCopyField" pero lo necesita
18:41:17,515 (main) DEBUG [DataNucleus.Enhancer] - La clase "es.deusto.spq.server.jdo.Message" no tiene el metodo "dnCopyKeyFieldsFromObjectId" pero lo necesita
18:41:17,515 (main) DEBUG [DataNucleus.Enhancer] - La clase "es.deusto.spq.server.jdo.Message" no tiene el metodo "dnCopyKeyFieldsFromObjectId" pero lo necesita
18:41:17,515 (main) DEBUG [DataNucleus.Enhancer] - La clase "es.deusto.spq.server.jdo.Message" no tiene el metodo "dnGetExecutionContext" pero lo necesita
18:41:17,515 (main) DEBUG [DataNucleus.Enhancer] - La clase "es.deusto.spq.server.jdo.Message" no tiene el metodo "dnCopyFields" pero lo necesita
18:41:17,515 (main) DEBUG [DataNucleus.Enhancer] - La clase "es.deusto.spq.server.jdo.Message" no tiene el metodo "__dnGetInheritedFieldCount" pero lo necesita
18:41:17,515 (main) DEBUG [DataNucleus.Enhancer] - La clase "es.deusto.spq.server.jdo.Message" no tiene el metodo "dnNewObjectIdInstance" pero lo necesita
18:41:17,515 (main) DEBUG [DataNucleus.Enhancer] - La clase "es.deusto.spq.server.jdo.Message" no tiene el metodo "dnNewObjectIdInstance" pero lo necesita
18:41:17,516 (main) DEBUG [DataNucleus.Enhancer] - La clase "es.deusto.spq.server.jdo.Message" no tiene el metodo "dnIsPersistent" pero lo necesita
18:41:17,516 (main) DEBUG [DataNucleus.Enhancer] - La clase "es.deusto.spq.server.jdo.Message" no tiene el metodo "dnReplaceFields" pero lo necesita
18:41:17,516 (main) DEBUG [DataNucleus.Enhancer] - La clase "es.deusto.spq.server.jdo.Message" no tiene el metodo "__dnFieldNamesInit" pero lo necesita
18:41:17,521 (main) DEBUG [DataNucleus.Enhancer] - Agregando el interfaz: org.datanucleus.enhancement.Persistable
18:41:17,524 (main) DEBUG [DataNucleus.Enhancer] - Enhancing metodo original es.deusto.spq.server.jdo.Message.<init> : ignorando enhance de set del campo "es.deusto.spq.server.jdo.Message.user"
18:41:17,524 (main) DEBUG [DataNucleus.Enhancer] - Enhancing metodo original es.deusto.spq.server.jdo.Message.<init> : ignorando enhance de set del campo "es.deusto.spq.server.jdo.Message.text"
18:41:17,524 (main) DEBUG [DataNucleus.Enhancer] - Enhancing metodo original es.deusto.spq.server.jdo.Message.<init> : ignorando enhance de set del campo "es.deusto.spq.server.jdo.Message.text"
18:41:17,524 (main) DEBUG [DataNucleus.Enhancer] - Enhancing metodo original es.deusto.spq.server.jdo.Message.<init> : ignorando enhance de set del campo "es.deusto.spq.server.jdo.Message.timestamp"
18:41:17,526 (main) DEBUG [DataNucleus.Enhancer] - Enhancing metodo original es.deusto.spq.server.jdo.Message.getUser, cambiando el uso del campo "es.deusto.spq.server.jdo.Message.user" para utilisar "dnGetuser()"
18:41:17,527 (main) DEBUG [DataNucleus.Enhancer] - Enhancing metodo original es.deusto.spq.server.jdo.Message.setUser, cambiando el uso del campo "es.deusto.spq.server.jdo.Message.user" para utilisar "dnSetuser()"
18:41:17,527 (main) DEBUG [DataNucleus.Enhancer] - Enhancing metodo original es.deusto.spq.server.jdo.Message.toString, cambiando el uso del campo "es.deusto.spq.server.jdo.Message.text" para utilisar "dnGettext()"
18:41:17,527 (main) DEBUG [DataNucleus.Enhancer] - Enhancing metodo original es.deusto.spq.server.jdo.Message.toString, cambiando el uso del campo "es.deusto.spq.server.jdo.Message.timestamp" para utilisar "dnGettimestamp()"
18:41:17,529 (main) DEBUG [DataNucleus.Enhancer] - Agregando el campo "org.datanucleus.enhancement.StateManager dnStateManager"
18:41:17,529 (main) DEBUG [DataNucleus.Enhancer] - Agregando el campo "byte dnFlags"
18:41:17,529 (main) DEBUG [DataNucleus.Enhancer] - Agregando el campo "[Ljava.lang.String; dnFieldNames"
18:41:17,529 (main) DEBUG [DataNucleus.Enhancer] - Agregando el campo "int dnInheritedFieldCount"
18:41:17,529 (main) DEBUG [DataNucleus.Enhancer] - Agregando el metodo "void <clinit>()"
18:41:17,530 (main) DEBUG [DataNucleus.Enhancer] - Agregando el constructor "es.deusto.spq.server.jdo.Message()"
18:41:17,530 (main) DEBUG [DataNucleus.Enhancer] - Agregando el metodo "void dnCopyKeyFieldsFromObjectId(org.datanucleus.enhancement.Persistable$ObjectIdFieldConsumer fc, java.lang.Object oid)"
18:41:17,530 (main) DEBUG [DataNucleus.Enhancer] - Agregando el metodo "void dnCopyKeyFieldsFromObjectId(java.lang.Object oid)"
18:41:17,530 (main) DEBUG [DataNucleus.Enhancer] - Agregando el metodo "void dnCopyKeyFieldsToObjectId(java.lang.Object oid)"
18:41:17,531 (main) DEBUG [DataNucleus.Enhancer] - Agregando el metodo "void dnCopyKeyFieldsToObjectId(org.datanucleus.enhancement.Persistable$ObjectIdFieldSupplier fs, java.lang.Object oid)"
18:41:17,531 (main) DEBUG [DataNucleus.Enhancer] - Agregando el metodo "java.lang.Object dnGetObjectId()"
18:41:17,531 (main) DEBUG [DataNucleus.Enhancer] - Agregando el metodo "java.lang.Object dnGetVersion()"
18:41:17,531 (main) DEBUG [DataNucleus.Enhancer] - Agregando el metodo "void dnPreSerialize()"
18:41:17,531 (main) DEBUG [DataNucleus.Enhancer] - Agregando el metodo "org.datanucleus.enhancement.ExecutionContextReference dnGetExecutionContext()"
18:41:17,531 (main) DEBUG [DataNucleus.Enhancer] - Agregando el metodo "org.datanucleus.enhancement.StateManager dnGetStateManager()"
18:41:17,532 (main) DEBUG [DataNucleus.Enhancer] - Agregando el metodo "java.lang.Object dnGetTransactionalObjectId()"
18:41:17,532 (main) DEBUG [DataNucleus.Enhancer] - Agregando el metodo "boolean dnIsDeleted()"
18:41:17,532 (main) DEBUG [DataNucleus.Enhancer] - Agregando el metodo "boolean dnIsDirty()"
18:41:17,532 (main) DEBUG [DataNucleus.Enhancer] - Agregando el metodo "boolean dnIsNew()"
18:41:17,532 (main) DEBUG [DataNucleus.Enhancer] - Agregando el metodo "boolean dnIsPersistent()"
18:41:17,533 (main) DEBUG [DataNucleus.Enhancer] - Agregando el metodo "boolean dnIsTransactional()"
18:41:17,533 (main) DEBUG [DataNucleus.Enhancer] - Agregando el metodo "void dnMakeDirty(java.lang.String fieldName)"
18:41:17,533 (main) DEBUG [DataNucleus.Enhancer] - Agregando el metodo "java.lang.Object dnNewObjectIdInstance()"
18:41:17,533 (main) DEBUG [DataNucleus.Enhancer] - Agregando el metodo "java.lang.Object dnNewObjectIdInstance(java.lang.Object key)"
18:41:17,534 (main) DEBUG [DataNucleus.Enhancer] - Agregando el metodo "void dnProvideFields([I indices)"
18:41:17,534 (main) DEBUG [DataNucleus.Enhancer] - Agregando el metodo "void dnReplaceFields([I indices)"
18:41:17,534 (main) DEBUG [DataNucleus.Enhancer] - Agregando el metodo "void dnReplaceFlags()"
18:41:17,535 (main) DEBUG [DataNucleus.Enhancer] - Agregando el metodo "void dnReplaceStateManager(org.datanucleus.enhancement.StateManager sm)"
18:41:17,535 (main) DEBUG [DataNucleus.Enhancer] - Agregando el metodo "boolean dnIsDetached()"
18:41:17,535 (main) DEBUG [DataNucleus.Enhancer] - Agregando el metodo "org.datanucleus.enhancement.Persistable dnNewInstance(org.datanucleus.enhancement.StateManager sm)"
18:41:17,535 (main) DEBUG [DataNucleus.Enhancer] - Agregando el metodo "org.datanucleus.enhancement.Persistable dnNewInstance(org.datanucleus.enhancement.StateManager sm, java.lang.Object obj)"
18:41:17,536 (main) DEBUG [DataNucleus.Enhancer] - Agregando el metodo "void dnReplaceField(int index)"
18:41:17,536 (main) DEBUG [DataNucleus.Enhancer] - Agregando el metodo "void dnProvideField(int index)"
18:41:17,536 (main) DEBUG [DataNucleus.Enhancer] - Agregando el metodo "void dnCopyField(es.deusto.spq.server.jdo.Message obj, int index)"
18:41:17,537 (main) DEBUG [DataNucleus.Enhancer] - Agregando el metodo "void dnCopyFields(java.lang.Object obj, [I indices)"
18:41:17,537 (main) DEBUG [DataNucleus.Enhancer] - Agregando el metodo "[Ljava.lang.String; __dnFieldNamesInit()"
18:41:17,537 (main) DEBUG [DataNucleus.Enhancer] - Agregando el metodo "int __dnGetInheritedFieldCount()"
18:41:17,537 (main) DEBUG [DataNucleus.Enhancer] - Agregando el metodo "int dnGetManagedFieldCount()"
18:41:17,537 (main) DEBUG [DataNucleus.Enhancer] - Agregando el metodo "java.lang.Class ___dn$loadClass(java.lang.String className)"
18:41:17,538 (main) DEBUG [DataNucleus.Enhancer] - Agregando el metodo "java.lang.String dnGettext(es.deusto.spq.server.jdo.Message objPC)"
18:41:17,538 (main) DEBUG [DataNucleus.Enhancer] - Agregando el metodo "void dnSettext(es.deusto.spq.server.jdo.Message objPC, java.lang.String val)"
18:41:17,538 (main) DEBUG [DataNucleus.Enhancer] - Agregando el metodo "long dnGettimestamp(es.deusto.spq.server.jdo.Message objPC)"
18:41:17,538 (main) DEBUG [DataNucleus.Enhancer] - Agregando el metodo "void dnSettimestamp(es.deusto.spq.server.jdo.Message objPC, long val)"
18:41:17,539 (main) DEBUG [DataNucleus.Enhancer] - Agregando el metodo "es.deusto.spq.server.jdo.User dnGetuser(es.deusto.spq.server.jdo.Message objPC)"
18:41:17,539 (main) DEBUG [DataNucleus.Enhancer] - Agregando el metodo "void dnSetuser(es.deusto.spq.server.jdo.Message objPC, es.deusto.spq.server.jdo.User val)"
18:41:17,540 (main) INFO  [DataNucleus.Enhancer] - Escribiendo el archivo de clase "C:\Users\Jaime\eclipse-workspaceMaven\proyectoProcesoSoftwareYCalidad\example-jersey-jdo-mysql\target\classes\es\deusto\spq\server\jdo\Message.class" con definicion enhanced
18:41:17,540 (main) INFO  [DataNucleus.Enhancer] - ENHANCED (Persistable) : es.deusto.spq.server.jdo.Message
18:41:17,540 (main) DEBUG [DataNucleus.Enhancer] - Enhance de la clase "es.deusto.spq.server.jdo.Message" ha terminado
18:41:17,540 (main) DEBUG [DataNucleus.Enhancer] - Enhance de la clase "es.deusto.spq.server.jdo.User" empezando ...
18:41:17,541 (main) DEBUG [DataNucleus.Enhancer] - La clase "es.deusto.spq.server.jdo.User" no implementa el interfaz "org.datanucleus.enhancement.Persistable"!
18:41:17,541 (main) DEBUG [DataNucleus.Enhancer] - La clase "es.deusto.spq.server.jdo.User" no tiene el campo "dnStateManager" pero lo necesita
18:41:17,541 (main) DEBUG [DataNucleus.Enhancer] - La clase "es.deusto.spq.server.jdo.User" no tiene el campo "dnInheritedFieldCount" pero lo necesita
18:41:17,541 (main) DEBUG [DataNucleus.Enhancer] - La clase "es.deusto.spq.server.jdo.User" no tiene el campo "dnFlags" pero lo necesita
18:41:17,541 (main) DEBUG [DataNucleus.Enhancer] - La clase "es.deusto.spq.server.jdo.User" no tiene el campo "dnFieldNames" pero lo necesita
18:41:17,541 (main) DEBUG [DataNucleus.Enhancer] - La clase "es.deusto.spq.server.jdo.User" no tiene el metodo "dnReplaceField" pero lo necesita
18:41:17,541 (main) DEBUG [DataNucleus.Enhancer] - La clase "es.deusto.spq.server.jdo.User" no tiene el metodo "dnGetStateManager" pero lo necesita
18:41:17,541 (main) DEBUG [DataNucleus.Enhancer] - La clase "es.deusto.spq.server.jdo.User" no tiene el metodo "dnIsTransactional" pero lo necesita
18:41:17,541 (main) DEBUG [DataNucleus.Enhancer] - La clase "es.deusto.spq.server.jdo.User" no tiene el metodo "dnNewInstance" pero lo necesita
18:41:17,541 (main) DEBUG [DataNucleus.Enhancer] - La clase "es.deusto.spq.server.jdo.User" no tiene el metodo "dnNewInstance" pero lo necesita
18:41:17,541 (main) DEBUG [DataNucleus.Enhancer] - La clase "es.deusto.spq.server.jdo.User" no tiene el metodo "dnProvideFields" pero lo necesita
18:41:17,542 (main) DEBUG [DataNucleus.Enhancer] - La clase "es.deusto.spq.server.jdo.User" no tiene el metodo "___dn$loadClass" pero lo necesita
18:41:17,542 (main) DEBUG [DataNucleus.Enhancer] - La clase "es.deusto.spq.server.jdo.User" no tiene el metodo "dnGetManagedFieldCount" pero lo necesita
18:41:17,542 (main) DEBUG [DataNucleus.Enhancer] - La clase "es.deusto.spq.server.jdo.User" no tiene el metodo "dnIsDirty" pero lo necesita
18:41:17,542 (main) DEBUG [DataNucleus.Enhancer] - La clase "es.deusto.spq.server.jdo.User" no tiene el metodo "dnReplaceStateManager" pero lo necesita
18:41:17,542 (main) DEBUG [DataNucleus.Enhancer] - La clase "es.deusto.spq.server.jdo.User" no tiene el metodo "dnReplaceFlags" pero lo necesita
18:41:17,542 (main) DEBUG [DataNucleus.Enhancer] - La clase "es.deusto.spq.server.jdo.User" no tiene el metodo "dnIsDetached" pero lo necesita
18:41:17,542 (main) DEBUG [DataNucleus.Enhancer] - La clase "es.deusto.spq.server.jdo.User" no tiene el metodo "dnMakeDirty" pero lo necesita
18:41:17,542 (main) DEBUG [DataNucleus.Enhancer] - La clase "es.deusto.spq.server.jdo.User" no tiene el metodo "dnIsDeleted" pero lo necesita
18:41:17,542 (main) DEBUG [DataNucleus.Enhancer] - La clase "es.deusto.spq.server.jdo.User" no tiene el metodo "dnProvideField" pero lo necesita
18:41:17,542 (main) DEBUG [DataNucleus.Enhancer] - La clase "es.deusto.spq.server.jdo.User" no tiene el metodo "dnPreSerialize" pero lo necesita
18:41:17,542 (main) DEBUG [DataNucleus.Enhancer] - La clase "es.deusto.spq.server.jdo.User" no tiene el metodo "dnGetObjectId" pero lo necesita
18:41:17,542 (main) DEBUG [DataNucleus.Enhancer] - La clase "es.deusto.spq.server.jdo.User" no tiene el metodo "dnGetVersion" pero lo necesita
18:41:17,542 (main) DEBUG [DataNucleus.Enhancer] - La clase "es.deusto.spq.server.jdo.User" no tiene el metodo "dnGetTransactionalObjectId" pero lo necesita
18:41:17,542 (main) DEBUG [DataNucleus.Enhancer] - La clase "es.deusto.spq.server.jdo.User" no tiene el metodo "dnIsNew" pero lo necesita
18:41:17,542 (main) DEBUG [DataNucleus.Enhancer] - La clase "es.deusto.spq.server.jdo.User" no tiene el metodo "dnCopyKeyFieldsToObjectId" pero lo necesita
18:41:17,542 (main) DEBUG [DataNucleus.Enhancer] - La clase "es.deusto.spq.server.jdo.User" no tiene el metodo "dnCopyKeyFieldsToObjectId" pero lo necesita
18:41:17,542 (main) DEBUG [DataNucleus.Enhancer] - La clase "es.deusto.spq.server.jdo.User" no tiene el metodo "dnCopyField" pero lo necesita
18:41:17,542 (main) DEBUG [DataNucleus.Enhancer] - La clase "es.deusto.spq.server.jdo.User" no tiene el metodo "dnCopyKeyFieldsFromObjectId" pero lo necesita
18:41:17,542 (main) DEBUG [DataNucleus.Enhancer] - La clase "es.deusto.spq.server.jdo.User" no tiene el metodo "dnCopyKeyFieldsFromObjectId" pero lo necesita
18:41:17,542 (main) DEBUG [DataNucleus.Enhancer] - La clase "es.deusto.spq.server.jdo.User" no tiene el metodo "dnGetExecutionContext" pero lo necesita
18:41:17,542 (main) DEBUG [DataNucleus.Enhancer] - La clase "es.deusto.spq.server.jdo.User" no tiene el metodo "dnCopyFields" pero lo necesita
18:41:17,542 (main) DEBUG [DataNucleus.Enhancer] - La clase "es.deusto.spq.server.jdo.User" no tiene el metodo "__dnGetInheritedFieldCount" pero lo necesita
18:41:17,542 (main) DEBUG [DataNucleus.Enhancer] - La clase "es.deusto.spq.server.jdo.User" no tiene el metodo "dnNewObjectIdInstance" pero lo necesita
18:41:17,542 (main) DEBUG [DataNucleus.Enhancer] - La clase "es.deusto.spq.server.jdo.User" no tiene el metodo "dnNewObjectIdInstance" pero lo necesita
18:41:17,542 (main) DEBUG [DataNucleus.Enhancer] - La clase "es.deusto.spq.server.jdo.User" no tiene el metodo "dnIsPersistent" pero lo necesita
18:41:17,543 (main) DEBUG [DataNucleus.Enhancer] - La clase "es.deusto.spq.server.jdo.User" no tiene el metodo "dnReplaceFields" pero lo necesita
18:41:17,543 (main) DEBUG [DataNucleus.Enhancer] - La clase "es.deusto.spq.server.jdo.User" no tiene el metodo "__dnFieldNamesInit" pero lo necesita
18:41:17,543 (main) DEBUG [DataNucleus.Enhancer] - Agregando el interfaz: org.datanucleus.enhancement.Persistable
18:41:17,543 (main) DEBUG [DataNucleus.Enhancer] - Enhancing metodo original es.deusto.spq.server.jdo.User.<init> : ignorando enhance de set del campo "es.deusto.spq.server.jdo.User.login"
18:41:17,543 (main) DEBUG [DataNucleus.Enhancer] - Enhancing metodo original es.deusto.spq.server.jdo.User.<init> : ignorando enhance de set del campo "es.deusto.spq.server.jdo.User.password"
18:41:17,543 (main) DEBUG [DataNucleus.Enhancer] - Enhancing metodo original es.deusto.spq.server.jdo.User.<init> : ignorando enhance de set del campo "es.deusto.spq.server.jdo.User.messages"
18:41:17,543 (main) DEBUG [DataNucleus.Enhancer] - Enhancing metodo original es.deusto.spq.server.jdo.User.<init> : ignorando enhance de set del campo "es.deusto.spq.server.jdo.User.login"
18:41:17,543 (main) DEBUG [DataNucleus.Enhancer] - Enhancing metodo original es.deusto.spq.server.jdo.User.<init> : ignorando enhance de set del campo "es.deusto.spq.server.jdo.User.password"
18:41:17,543 (main) DEBUG [DataNucleus.Enhancer] - Enhancing metodo original es.deusto.spq.server.jdo.User.addMessage, cambiando el uso del campo "es.deusto.spq.server.jdo.User.messages" para utilisar "dnGetmessages()"
18:41:17,544 (main) DEBUG [DataNucleus.Enhancer] - Enhancing metodo original es.deusto.spq.server.jdo.User.removeMessage, cambiando el uso del campo "es.deusto.spq.server.jdo.User.messages" para utilisar "dnGetmessages()"
18:41:17,544 (main) DEBUG [DataNucleus.Enhancer] - Enhancing metodo original es.deusto.spq.server.jdo.User.getLogin, cambiando el uso del campo "es.deusto.spq.server.jdo.User.login" para utilisar "dnGetlogin()"
18:41:17,544 (main) DEBUG [DataNucleus.Enhancer] - Enhancing metodo original es.deusto.spq.server.jdo.User.getPassword, cambiando el uso del campo "es.deusto.spq.server.jdo.User.password" para utilisar "dnGetpassword()"
18:41:17,544 (main) DEBUG [DataNucleus.Enhancer] - Enhancing metodo original es.deusto.spq.server.jdo.User.setPassword, cambiando el uso del campo "es.deusto.spq.server.jdo.User.password" para utilisar "dnSetpassword()"
18:41:17,544 (main) DEBUG [DataNucleus.Enhancer] - Enhancing metodo original es.deusto.spq.server.jdo.User.getMessages, cambiando el uso del campo "es.deusto.spq.server.jdo.User.messages" para utilisar "dnGetmessages()"
18:41:17,544 (main) DEBUG [DataNucleus.Enhancer] - Enhancing metodo original es.deusto.spq.server.jdo.User.toString, cambiando el uso del campo "es.deusto.spq.server.jdo.User.messages" para utilisar "dnGetmessages()"
18:41:17,544 (main) DEBUG [DataNucleus.Enhancer] - Enhancing metodo original es.deusto.spq.server.jdo.User.toString, cambiando el uso del campo "es.deusto.spq.server.jdo.User.login" para utilisar "dnGetlogin()"
18:41:17,544 (main) DEBUG [DataNucleus.Enhancer] - Enhancing metodo original es.deusto.spq.server.jdo.User.toString, cambiando el uso del campo "es.deusto.spq.server.jdo.User.password" para utilisar "dnGetpassword()"
18:41:17,544 (main) DEBUG [DataNucleus.Enhancer] - Agregando el campo "org.datanucleus.enhancement.StateManager dnStateManager"
18:41:17,544 (main) DEBUG [DataNucleus.Enhancer] - Agregando el campo "byte dnFlags"
18:41:17,545 (main) DEBUG [DataNucleus.Enhancer] - Agregando el campo "[Ljava.lang.String; dnFieldNames"
18:41:17,545 (main) DEBUG [DataNucleus.Enhancer] - Agregando el campo "int dnInheritedFieldCount"
18:41:17,545 (main) DEBUG [DataNucleus.Enhancer] - Agregando el metodo "void <clinit>()"
18:41:17,545 (main) DEBUG [DataNucleus.Enhancer] - Agregando el constructor "es.deusto.spq.server.jdo.User()"
18:41:17,545 (main) DEBUG [DataNucleus.Enhancer] - Agregando el metodo "void dnCopyKeyFieldsFromObjectId(org.datanucleus.enhancement.Persistable$ObjectIdFieldConsumer fc, java.lang.Object oid)"
18:41:17,545 (main) DEBUG [DataNucleus.Enhancer] - Agregando el metodo "void dnCopyKeyFieldsFromObjectId(java.lang.Object oid)"
18:41:17,545 (main) DEBUG [DataNucleus.Enhancer] - Agregando el metodo "void dnCopyKeyFieldsToObjectId(java.lang.Object oid)"
18:41:17,545 (main) DEBUG [DataNucleus.Enhancer] - Agregando el metodo "void dnCopyKeyFieldsToObjectId(org.datanucleus.enhancement.Persistable$ObjectIdFieldSupplier fs, java.lang.Object oid)"
18:41:17,545 (main) DEBUG [DataNucleus.Enhancer] - Agregando el metodo "java.lang.Object dnGetObjectId()"
18:41:17,545 (main) DEBUG [DataNucleus.Enhancer] - Agregando el metodo "java.lang.Object dnGetVersion()"
18:41:17,546 (main) DEBUG [DataNucleus.Enhancer] - Agregando el metodo "void dnPreSerialize()"
18:41:17,546 (main) DEBUG [DataNucleus.Enhancer] - Agregando el metodo "org.datanucleus.enhancement.ExecutionContextReference dnGetExecutionContext()"
18:41:17,546 (main) DEBUG [DataNucleus.Enhancer] - Agregando el metodo "org.datanucleus.enhancement.StateManager dnGetStateManager()"
18:41:17,546 (main) DEBUG [DataNucleus.Enhancer] - Agregando el metodo "java.lang.Object dnGetTransactionalObjectId()"
18:41:17,546 (main) DEBUG [DataNucleus.Enhancer] - Agregando el metodo "boolean dnIsDeleted()"
18:41:17,546 (main) DEBUG [DataNucleus.Enhancer] - Agregando el metodo "boolean dnIsDirty()"
18:41:17,546 (main) DEBUG [DataNucleus.Enhancer] - Agregando el metodo "boolean dnIsNew()"
18:41:17,546 (main) DEBUG [DataNucleus.Enhancer] - Agregando el metodo "boolean dnIsPersistent()"
18:41:17,546 (main) DEBUG [DataNucleus.Enhancer] - Agregando el metodo "boolean dnIsTransactional()"
18:41:17,546 (main) DEBUG [DataNucleus.Enhancer] - Agregando el metodo "void dnMakeDirty(java.lang.String fieldName)"
18:41:17,546 (main) DEBUG [DataNucleus.Enhancer] - Agregando el metodo "java.lang.Object dnNewObjectIdInstance()"
18:41:17,547 (main) DEBUG [DataNucleus.Enhancer] - Agregando el metodo "java.lang.Object dnNewObjectIdInstance(java.lang.Object key)"
18:41:17,547 (main) DEBUG [DataNucleus.Enhancer] - Agregando el metodo "void dnProvideFields([I indices)"
18:41:17,547 (main) DEBUG [DataNucleus.Enhancer] - Agregando el metodo "void dnReplaceFields([I indices)"
18:41:17,547 (main) DEBUG [DataNucleus.Enhancer] - Agregando el metodo "void dnReplaceFlags()"
18:41:17,547 (main) DEBUG [DataNucleus.Enhancer] - Agregando el metodo "void dnReplaceStateManager(org.datanucleus.enhancement.StateManager sm)"
18:41:17,547 (main) DEBUG [DataNucleus.Enhancer] - Agregando el metodo "boolean dnIsDetached()"
18:41:17,547 (main) DEBUG [DataNucleus.Enhancer] - Agregando el metodo "org.datanucleus.enhancement.Persistable dnNewInstance(org.datanucleus.enhancement.StateManager sm)"
18:41:17,547 (main) DEBUG [DataNucleus.Enhancer] - Agregando el metodo "org.datanucleus.enhancement.Persistable dnNewInstance(org.datanucleus.enhancement.StateManager sm, java.lang.Object obj)"
18:41:17,547 (main) DEBUG [DataNucleus.Enhancer] - Agregando el metodo "void dnReplaceField(int index)"
18:41:17,547 (main) DEBUG [DataNucleus.Enhancer] - Agregando el metodo "void dnProvideField(int index)"
18:41:17,547 (main) DEBUG [DataNucleus.Enhancer] - Agregando el metodo "void dnCopyField(es.deusto.spq.server.jdo.User obj, int index)"
18:41:17,547 (main) DEBUG [DataNucleus.Enhancer] - Agregando el metodo "void dnCopyFields(java.lang.Object obj, [I indices)"
18:41:17,547 (main) DEBUG [DataNucleus.Enhancer] - Agregando el metodo "[Ljava.lang.String; __dnFieldNamesInit()"
18:41:17,547 (main) DEBUG [DataNucleus.Enhancer] - Agregando el metodo "int __dnGetInheritedFieldCount()"
18:41:17,547 (main) DEBUG [DataNucleus.Enhancer] - Agregando el metodo "int dnGetManagedFieldCount()"
18:41:17,547 (main) DEBUG [DataNucleus.Enhancer] - Agregando el metodo "java.lang.Class ___dn$loadClass(java.lang.String className)"
18:41:17,548 (main) DEBUG [DataNucleus.Enhancer] - Agregando el metodo "java.lang.String dnGetlogin(es.deusto.spq.server.jdo.User objPC)"
18:41:17,548 (main) DEBUG [DataNucleus.Enhancer] - Agregando el metodo "void dnSetlogin(es.deusto.spq.server.jdo.User objPC, java.lang.String val)"
18:41:17,548 (main) DEBUG [DataNucleus.Enhancer] - Agregando el metodo "java.util.Set dnGetmessages(es.deusto.spq.server.jdo.User objPC)"
18:41:17,548 (main) DEBUG [DataNucleus.Enhancer] - Agregando el metodo "void dnSetmessages(es.deusto.spq.server.jdo.User objPC, java.util.Set val)"
18:41:17,548 (main) DEBUG [DataNucleus.Enhancer] - Agregando el metodo "java.lang.String dnGetpassword(es.deusto.spq.server.jdo.User objPC)"
18:41:17,548 (main) DEBUG [DataNucleus.Enhancer] - Agregando el metodo "void dnSetpassword(es.deusto.spq.server.jdo.User objPC, java.lang.String val)"
18:41:17,548 (main) INFO  [DataNucleus.Enhancer] - Escribiendo el archivo de clase "C:\Users\Jaime\eclipse-workspaceMaven\proyectoProcesoSoftwareYCalidad\example-jersey-jdo-mysql\target\classes\es\deusto\spq\server\jdo\User.class" con definicion enhanced
18:41:17,549 (main) INFO  [DataNucleus.Enhancer] - ENHANCED (Persistable) : es.deusto.spq.server.jdo.User
18:41:17,549 (main) DEBUG [DataNucleus.Enhancer] - Enhance de la clase "es.deusto.spq.server.jdo.User" ha terminado
18:41:17,554 (main) INFO  [DataNucleus.Enhancer] - DataNucleus Enhancer ha terminado con exito para 2 clases. Tiempos : input=54 ms, enhance=46 ms, total=100 ms. Compruebe el LOG para los detalles
18:41:36,820 (main) INFO  [DataNucleus.SchemaTool] - DataNucleus SchemaTool : Creación del esquema para clases
18:41:36,822 (main) INFO  [DataNucleus.SchemaTool] - DataNucleus SchemaTool : Classpath
18:41:36,822 (main) INFO  [DataNucleus.SchemaTool] - >>  C:\Users\Jaime\.m2\repository\org\datanucleus\datanucleus-maven-plugin\6.0.0-release\datanucleus-maven-plugin-6.0.0-release.jar
18:41:36,822 (main) INFO  [DataNucleus.SchemaTool] - >>  C:\Users\Jaime\.m2\repository\org\codehaus\plexus\plexus-utils\3.3.0\plexus-utils-3.3.0.jar
18:41:36,823 (main) INFO  [DataNucleus.SchemaTool] - >>  C:\Users\Jaime\.m2\repository\org\apache\maven\maven-artifact\3.8.1\maven-artifact-3.8.1.jar
18:41:36,823 (main) INFO  [DataNucleus.SchemaTool] - >>  C:\Users\Jaime\.m2\repository\org\apache\commons\commons-lang3\3.8.1\commons-lang3-3.8.1.jar
18:41:36,823 (main) INFO  [DataNucleus.SchemaTool] - >>  C:\Users\Jaime\.m2\repository\org\apache\maven\maven-plugin-api\3.8.1\maven-plugin-api-3.8.1.jar
18:41:36,823 (main) INFO  [DataNucleus.SchemaTool] - >>  C:\Users\Jaime\.m2\repository\org\apache\maven\maven-model\3.8.1\maven-model-3.8.1.jar
18:41:36,823 (main) INFO  [DataNucleus.SchemaTool] - >>  C:\Users\Jaime\.m2\repository\org\eclipse\sisu\org.eclipse.sisu.plexus\0.3.4\org.eclipse.sisu.plexus-0.3.4.jar
18:41:36,823 (main) INFO  [DataNucleus.SchemaTool] - >>  C:\Users\Jaime\.m2\repository\javax\enterprise\cdi-api\1.0\cdi-api-1.0.jar
18:41:36,823 (main) INFO  [DataNucleus.SchemaTool] - >>  C:\Users\Jaime\.m2\repository\javax\annotation\jsr250-api\1.0\jsr250-api-1.0.jar
18:41:36,823 (main) INFO  [DataNucleus.SchemaTool] - >>  C:\Users\Jaime\.m2\repository\javax\inject\javax.inject\1\javax.inject-1.jar
18:41:36,824 (main) INFO  [DataNucleus.SchemaTool] - >>  C:\Users\Jaime\.m2\repository\org\eclipse\sisu\org.eclipse.sisu.inject\0.3.4\org.eclipse.sisu.inject-0.3.4.jar
18:41:36,824 (main) INFO  [DataNucleus.SchemaTool] - >>  C:\Users\Jaime\.m2\repository\org\codehaus\plexus\plexus-component-annotations\1.5.5\plexus-component-annotations-1.5.5.jar
18:41:36,824 (main) INFO  [DataNucleus.SchemaTool] - >>  C:\Users\Jaime\.m2\repository\org\codehaus\plexus\plexus-classworlds\2.6.0\plexus-classworlds-2.6.0.jar
18:41:36,824 (main) INFO  [DataNucleus.SchemaTool] - >>  C:\Users\Jaime\.m2\repository\org\codehaus\plexus\plexus-container-default\2.1.0\plexus-container-default-2.1.0.jar
18:41:36,824 (main) INFO  [DataNucleus.SchemaTool] - >>  C:\Users\Jaime\.m2\repository\org\apache\xbean\xbean-reflect\3.7\xbean-reflect-3.7.jar
18:41:36,824 (main) INFO  [DataNucleus.SchemaTool] - >>  C:\Users\Jaime\.m2\repository\com\google\collections\google-collections\1.0\google-collections-1.0.jar
18:41:36,824 (main) INFO  [DataNucleus.SchemaTool] - >>  C:\Users\Jaime\eclipse-workspaceMaven\proyectoProcesoSoftwareYCalidad\example-jersey-jdo-mysql\target\classes
18:41:36,824 (main) INFO  [DataNucleus.SchemaTool] - >>  C:\Users\Jaime\.m2\repository\org\datanucleus\javax.jdo\3.2.1\javax.jdo-3.2.1.jar
18:41:36,824 (main) INFO  [DataNucleus.SchemaTool] - >>  C:\Users\Jaime\.m2\repository\javax\transaction\javax.transaction-api\1.3\javax.transaction-api-1.3.jar
18:41:36,824 (main) INFO  [DataNucleus.SchemaTool] - >>  C:\Users\Jaime\.m2\repository\org\glassfish\corba\glassfish-corba-omgapi\4.2.2\glassfish-corba-omgapi-4.2.2.jar
18:41:36,824 (main) INFO  [DataNucleus.SchemaTool] - >>  C:\Users\Jaime\.m2\repository\org\datanucleus\datanucleus-core\6.0.3\datanucleus-core-6.0.3.jar
18:41:36,824 (main) INFO  [DataNucleus.SchemaTool] - >>  C:\Users\Jaime\.m2\repository\org\datanucleus\datanucleus-api-jdo\6.0.1\datanucleus-api-jdo-6.0.1.jar
18:41:36,824 (main) INFO  [DataNucleus.SchemaTool] - >>  C:\Users\Jaime\.m2\repository\org\datanucleus\datanucleus-rdbms\6.0.3\datanucleus-rdbms-6.0.3.jar
18:41:36,824 (main) INFO  [DataNucleus.SchemaTool] - >>  C:\Users\Jaime\.m2\repository\mysql\mysql-connector-java\8.0.29\mysql-connector-java-8.0.29.jar
18:41:36,825 (main) INFO  [DataNucleus.SchemaTool] - >>  C:\Users\Jaime\.m2\repository\com\google\protobuf\protobuf-java\3.19.4\protobuf-java-3.19.4.jar
18:41:36,825 (main) INFO  [DataNucleus.SchemaTool] - >>  C:\Users\Jaime\.m2\repository\org\apache\logging\log4j\log4j-api\2.20.0\log4j-api-2.20.0.jar
18:41:36,825 (main) INFO  [DataNucleus.SchemaTool] - >>  C:\Users\Jaime\.m2\repository\org\apache\logging\log4j\log4j-core\2.20.0\log4j-core-2.20.0.jar
18:41:36,825 (main) INFO  [DataNucleus.SchemaTool] - >>  C:\Users\Jaime\.m2\repository\org\glassfish\jersey\containers\jersey-container-servlet-core\2.35\jersey-container-servlet-core-2.35.jar
18:41:36,825 (main) INFO  [DataNucleus.SchemaTool] - >>  C:\Users\Jaime\.m2\repository\org\glassfish\hk2\external\jakarta.inject\2.6.1\jakarta.inject-2.6.1.jar
18:41:36,825 (main) INFO  [DataNucleus.SchemaTool] - >>  C:\Users\Jaime\.m2\repository\org\glassfish\jersey\core\jersey-common\2.35\jersey-common-2.35.jar
18:41:36,825 (main) INFO  [DataNucleus.SchemaTool] - >>  C:\Users\Jaime\.m2\repository\jakarta\annotation\jakarta.annotation-api\1.3.5\jakarta.annotation-api-1.3.5.jar
18:41:36,825 (main) INFO  [DataNucleus.SchemaTool] - >>  C:\Users\Jaime\.m2\repository\org\glassfish\hk2\osgi-resource-locator\1.0.3\osgi-resource-locator-1.0.3.jar
18:41:36,825 (main) INFO  [DataNucleus.SchemaTool] - >>  C:\Users\Jaime\.m2\repository\org\glassfish\jersey\core\jersey-server\2.35\jersey-server-2.35.jar
18:41:36,825 (main) INFO  [DataNucleus.SchemaTool] - >>  C:\Users\Jaime\.m2\repository\org\glassfish\jersey\core\jersey-client\2.35\jersey-client-2.35.jar
18:41:36,825 (main) INFO  [DataNucleus.SchemaTool] - >>  C:\Users\Jaime\.m2\repository\jakarta\validation\jakarta.validation-api\2.0.2\jakarta.validation-api-2.0.2.jar
18:41:36,825 (main) INFO  [DataNucleus.SchemaTool] - >>  C:\Users\Jaime\.m2\repository\jakarta\ws\rs\jakarta.ws.rs-api\2.1.6\jakarta.ws.rs-api-2.1.6.jar
18:41:36,825 (main) INFO  [DataNucleus.SchemaTool] - >>  C:\Users\Jaime\.m2\repository\org\glassfish\jersey\inject\jersey-hk2\2.35\jersey-hk2-2.35.jar
18:41:36,825 (main) INFO  [DataNucleus.SchemaTool] - >>  C:\Users\Jaime\.m2\repository\org\glassfish\hk2\hk2-locator\2.6.1\hk2-locator-2.6.1.jar
18:41:36,826 (main) INFO  [DataNucleus.SchemaTool] - >>  C:\Users\Jaime\.m2\repository\org\glassfish\hk2\external\aopalliance-repackaged\2.6.1\aopalliance-repackaged-2.6.1.jar
18:41:36,826 (main) INFO  [DataNucleus.SchemaTool] - >>  C:\Users\Jaime\.m2\repository\org\glassfish\hk2\hk2-api\2.6.1\hk2-api-2.6.1.jar
18:41:36,826 (main) INFO  [DataNucleus.SchemaTool] - >>  C:\Users\Jaime\.m2\repository\org\glassfish\hk2\hk2-utils\2.6.1\hk2-utils-2.6.1.jar
18:41:36,826 (main) INFO  [DataNucleus.SchemaTool] - >>  C:\Users\Jaime\.m2\repository\org\javassist\javassist\3.25.0-GA\javassist-3.25.0-GA.jar
18:41:36,826 (main) INFO  [DataNucleus.SchemaTool] - >>  C:\Users\Jaime\.m2\repository\org\glassfish\jersey\media\jersey-media-json-jackson\2.35\jersey-media-json-jackson-2.35.jar
18:41:36,826 (main) INFO  [DataNucleus.SchemaTool] - >>  C:\Users\Jaime\.m2\repository\org\glassfish\jersey\ext\jersey-entity-filtering\2.35\jersey-entity-filtering-2.35.jar
18:41:36,826 (main) INFO  [DataNucleus.SchemaTool] - >>  C:\Users\Jaime\.m2\repository\com\fasterxml\jackson\core\jackson-annotations\2.12.2\jackson-annotations-2.12.2.jar
18:41:36,826 (main) INFO  [DataNucleus.SchemaTool] - >>  C:\Users\Jaime\.m2\repository\com\fasterxml\jackson\core\jackson-databind\2.12.2\jackson-databind-2.12.2.jar
18:41:36,826 (main) INFO  [DataNucleus.SchemaTool] - >>  C:\Users\Jaime\.m2\repository\com\fasterxml\jackson\core\jackson-core\2.12.2\jackson-core-2.12.2.jar
18:41:36,826 (main) INFO  [DataNucleus.SchemaTool] - >>  C:\Users\Jaime\.m2\repository\com\fasterxml\jackson\module\jackson-module-jaxb-annotations\2.12.2\jackson-module-jaxb-annotations-2.12.2.jar
18:41:36,826 (main) INFO  [DataNucleus.SchemaTool] - >>  C:\Users\Jaime\.m2\repository\jakarta\xml\bind\jakarta.xml.bind-api\2.3.2\jakarta.xml.bind-api-2.3.2.jar
18:41:36,826 (main) INFO  [DataNucleus.SchemaTool] - >>  C:\Users\Jaime\.m2\repository\jakarta\activation\jakarta.activation-api\1.2.1\jakarta.activation-api-1.2.1.jar
18:41:36,834 (main) DEBUG [DataNucleus.General] - Using PluginRegistry org.datanucleus.plugin.NonManagedPluginRegistry
18:41:36,851 (main) DEBUG [DataNucleus.General] - Registering bundle org.eclipse.sisu.inject version 0.3.4 at URL file:/C:/Users/Jaime/.m2/repository/org/eclipse/sisu/org.eclipse.sisu.inject/0.3.4/org.eclipse.sisu.inject-0.3.4.jar.
18:41:36,856 (main) DEBUG [DataNucleus.General] - Leyendo extension-points y extensiones del archivo de plug-in jar:file:/C:/Users/Jaime/.m2/repository/org/eclipse/sisu/org.eclipse.sisu.inject/0.3.4/org.eclipse.sisu.inject-0.3.4.jar!/plugin.xml.
18:41:36,858 (main) DEBUG [DataNucleus.General] - Registering bundle org.datanucleus version 6.0.3 at URL file:/C:/Users/Jaime/.m2/repository/org/datanucleus/datanucleus-core/6.0.3/datanucleus-core-6.0.3.jar.
18:41:36,861 (main) DEBUG [DataNucleus.General] - Leyendo extension-points y extensiones del archivo de plug-in jar:file:/C:/Users/Jaime/.m2/repository/org/datanucleus/datanucleus-core/6.0.3/datanucleus-core-6.0.3.jar!/plugin.xml.
18:41:36,866 (main) DEBUG [DataNucleus.General] - Registering bundle org.datanucleus.api.jdo version 6.0.1 at URL file:/C:/Users/Jaime/.m2/repository/org/datanucleus/datanucleus-api-jdo/6.0.1/datanucleus-api-jdo-6.0.1.jar.
18:41:36,870 (main) DEBUG [DataNucleus.General] - Leyendo extension-points y extensiones del archivo de plug-in jar:file:/C:/Users/Jaime/.m2/repository/org/datanucleus/datanucleus-api-jdo/6.0.1/datanucleus-api-jdo-6.0.1.jar!/plugin.xml.
18:41:36,874 (main) DEBUG [DataNucleus.General] - Registering bundle org.datanucleus.store.rdbms version 6.0.3 at URL file:/C:/Users/Jaime/.m2/repository/org/datanucleus/datanucleus-rdbms/6.0.3/datanucleus-rdbms-6.0.3.jar.
18:41:36,876 (main) DEBUG [DataNucleus.General] - Leyendo extension-points y extensiones del archivo de plug-in jar:file:/C:/Users/Jaime/.m2/repository/org/datanucleus/datanucleus-rdbms/6.0.3/datanucleus-rdbms-6.0.3.jar!/plugin.xml.
18:41:36,888 (main) INFO  [DataNucleus.Persistence] - Propiedad datanucleus.metadata.validate desconocida - vamos a ignorarla
18:41:36,888 (main) DEBUG [DataNucleus.Datastore] - Creating StoreManager for datastore
18:41:36,925 (main) DEBUG [DataNucleus.Connection] - Creado ConnectionPool "tx" con data source de tipo dbcp2-builtin
18:41:36,926 (main) DEBUG [DataNucleus.Connection] - Registrado la factoria de connecciones transaccionales bajo el nombre "rdbms/tx"
18:41:36,926 (main) DEBUG [DataNucleus.Connection] - Registrado la factoria de connecciones nontransaccionales bajo el nombre "rdbms/nontx"
18:41:36,937 (main) DEBUG [DataNucleus.Connection] - Creado ConnectionPool "nontx" con data source de tipo dbcp2-builtin
18:41:37,213 (main) ERROR [DataNucleus.Datastore.Schema] - La inicialización del base de datos ha fallado.
org.datanucleus.exceptions.NucleusDataStoreException: Access denied for user 'spq'@'localhost' to database 'messagesdb'
	at org.datanucleus.store.rdbms.ConnectionFactoryImpl$ManagedConnectionImpl.getConnection(ConnectionFactoryImpl.java:513) ~[datanucleus-rdbms-6.0.3.jar:?]
	at org.datanucleus.store.rdbms.RDBMSStoreManager.<init>(RDBMSStoreManager.java:285) [datanucleus-rdbms-6.0.3.jar:?]
	at jdk.internal.reflect.NativeConstructorAccessorImpl.newInstance0(Native Method) ~[?:?]
	at jdk.internal.reflect.NativeConstructorAccessorImpl.newInstance(NativeConstructorAccessorImpl.java:77) [?:?]
	at jdk.internal.reflect.DelegatingConstructorAccessorImpl.newInstance(DelegatingConstructorAccessorImpl.java:45) [?:?]
	at java.lang.reflect.Constructor.newInstanceWithCaller(Constructor.java:499) [?:?]
	at java.lang.reflect.Constructor.newInstance(Constructor.java:480) [?:?]
	at org.datanucleus.util.ClassUtils.newInstance(ClassUtils.java:81) [datanucleus-core-6.0.3.jar:?]
	at org.datanucleus.plugin.NonManagedPluginRegistry.createExecutableExtension(NonManagedPluginRegistry.java:592) [datanucleus-core-6.0.3.jar:?]
	at org.datanucleus.plugin.PluginManager.createExecutableExtension(PluginManager.java:296) [datanucleus-core-6.0.3.jar:?]
	at org.datanucleus.store.StoreManagerHelper.createStoreManagerForProperties(StoreManagerHelper.java:77) [datanucleus-core-6.0.3.jar:?]
	at org.datanucleus.PersistenceNucleusContextImpl.initialise(PersistenceNucleusContextImpl.java:424) [datanucleus-core-6.0.3.jar:?]
	at org.datanucleus.store.schema.SchemaTool.getNucleusContextForMode(SchemaTool.java:740) [datanucleus-core-6.0.3.jar:?]
	at org.datanucleus.store.schema.SchemaTool.main(SchemaTool.java:295) [datanucleus-core-6.0.3.jar:?]
Caused by: java.sql.SQLSyntaxErrorException: Access denied for user 'spq'@'localhost' to database 'messagesdb'
	at com.mysql.cj.jdbc.exceptions.SQLError.createSQLException(SQLError.java:120) ~[mysql-connector-java-8.0.29.jar:8.0.29]
	at com.mysql.cj.jdbc.exceptions.SQLExceptionsMapping.translateException(SQLExceptionsMapping.java:122) ~[mysql-connector-java-8.0.29.jar:8.0.29]
	at com.mysql.cj.jdbc.ConnectionImpl.createNewIO(ConnectionImpl.java:828) ~[mysql-connector-java-8.0.29.jar:8.0.29]
	at com.mysql.cj.jdbc.ConnectionImpl.<init>(ConnectionImpl.java:448) ~[mysql-connector-java-8.0.29.jar:8.0.29]
	at com.mysql.cj.jdbc.ConnectionImpl.getInstance(ConnectionImpl.java:241) ~[mysql-connector-java-8.0.29.jar:8.0.29]
	at com.mysql.cj.jdbc.NonRegisteringDriver.connect(NonRegisteringDriver.java:198) ~[mysql-connector-java-8.0.29.jar:8.0.29]
	at java.sql.DriverManager.getConnection(DriverManager.java:681) ~[java.sql:?]
	at java.sql.DriverManager.getConnection(DriverManager.java:190) ~[java.sql:?]
	at org.datanucleus.store.rdbms.datasource.dbcp2.DriverManagerConnectionFactory.createConnection(DriverManagerConnectionFactory.java:123) ~[datanucleus-rdbms-6.0.3.jar:?]
	at org.datanucleus.store.rdbms.datasource.dbcp2.PoolableConnectionFactory.makeObject(PoolableConnectionFactory.java:353) ~[datanucleus-rdbms-6.0.3.jar:?]
	at org.datanucleus.store.rdbms.datasource.dbcp2.pool2.impl.GenericObjectPool.create(GenericObjectPool.java:899) ~[datanucleus-rdbms-6.0.3.jar:?]
	at org.datanucleus.store.rdbms.datasource.dbcp2.pool2.impl.GenericObjectPool.borrowObject(GenericObjectPool.java:429) ~[datanucleus-rdbms-6.0.3.jar:?]
	at org.datanucleus.store.rdbms.datasource.dbcp2.pool2.impl.GenericObjectPool.borrowObject(GenericObjectPool.java:354) ~[datanucleus-rdbms-6.0.3.jar:?]
	at org.datanucleus.store.rdbms.datasource.dbcp2.PoolingDataSource.getConnection(PoolingDataSource.java:132) ~[datanucleus-rdbms-6.0.3.jar:?]
	at org.datanucleus.store.rdbms.ConnectionFactoryImpl$ManagedConnectionImpl.getConnection(ConnectionFactoryImpl.java:496) ~[datanucleus-rdbms-6.0.3.jar:?]
	... 13 more
18:41:37,216 (main) ERROR [DataNucleus.Datastore] - Exception thrown creating StoreManager : Access denied for user 'spq'@'localhost' to database 'messagesdb'
18:41:37,216 (main) ERROR [DataNucleus.SchemaTool] - Error creating NucleusContext
org.datanucleus.exceptions.NucleusException: Access denied for user 'spq'@'localhost' to database 'messagesdb'
	at org.datanucleus.store.StoreManagerHelper.createStoreManagerForProperties(StoreManagerHelper.java:98) ~[datanucleus-core-6.0.3.jar:?]
	at org.datanucleus.PersistenceNucleusContextImpl.initialise(PersistenceNucleusContextImpl.java:424) ~[datanucleus-core-6.0.3.jar:?]
	at org.datanucleus.store.schema.SchemaTool.getNucleusContextForMode(SchemaTool.java:740) ~[datanucleus-core-6.0.3.jar:?]
	at org.datanucleus.store.schema.SchemaTool.main(SchemaTool.java:295) [datanucleus-core-6.0.3.jar:?]
Caused by: org.datanucleus.exceptions.NucleusDataStoreException: Access denied for user 'spq'@'localhost' to database 'messagesdb'
	at org.datanucleus.store.rdbms.ConnectionFactoryImpl$ManagedConnectionImpl.getConnection(ConnectionFactoryImpl.java:513) ~[datanucleus-rdbms-6.0.3.jar:?]
	at org.datanucleus.store.rdbms.RDBMSStoreManager.<init>(RDBMSStoreManager.java:285) ~[datanucleus-rdbms-6.0.3.jar:?]
	at jdk.internal.reflect.NativeConstructorAccessorImpl.newInstance0(Native Method) ~[?:?]
	at jdk.internal.reflect.NativeConstructorAccessorImpl.newInstance(NativeConstructorAccessorImpl.java:77) ~[?:?]
	at jdk.internal.reflect.DelegatingConstructorAccessorImpl.newInstance(DelegatingConstructorAccessorImpl.java:45) ~[?:?]
	at java.lang.reflect.Constructor.newInstanceWithCaller(Constructor.java:499) ~[?:?]
	at java.lang.reflect.Constructor.newInstance(Constructor.java:480) ~[?:?]
	at org.datanucleus.util.ClassUtils.newInstance(ClassUtils.java:81) ~[datanucleus-core-6.0.3.jar:?]
	at org.datanucleus.plugin.NonManagedPluginRegistry.createExecutableExtension(NonManagedPluginRegistry.java:592) ~[datanucleus-core-6.0.3.jar:?]
	at org.datanucleus.plugin.PluginManager.createExecutableExtension(PluginManager.java:296) ~[datanucleus-core-6.0.3.jar:?]
	at org.datanucleus.store.StoreManagerHelper.createStoreManagerForProperties(StoreManagerHelper.java:77) ~[datanucleus-core-6.0.3.jar:?]
	... 3 more
Caused by: java.sql.SQLSyntaxErrorException: Access denied for user 'spq'@'localhost' to database 'messagesdb'
	at com.mysql.cj.jdbc.exceptions.SQLError.createSQLException(SQLError.java:120) ~[mysql-connector-java-8.0.29.jar:8.0.29]
	at com.mysql.cj.jdbc.exceptions.SQLExceptionsMapping.translateException(SQLExceptionsMapping.java:122) ~[mysql-connector-java-8.0.29.jar:8.0.29]
	at com.mysql.cj.jdbc.ConnectionImpl.createNewIO(ConnectionImpl.java:828) ~[mysql-connector-java-8.0.29.jar:8.0.29]
	at com.mysql.cj.jdbc.ConnectionImpl.<init>(ConnectionImpl.java:448) ~[mysql-connector-java-8.0.29.jar:8.0.29]
	at com.mysql.cj.jdbc.ConnectionImpl.getInstance(ConnectionImpl.java:241) ~[mysql-connector-java-8.0.29.jar:8.0.29]
	at com.mysql.cj.jdbc.NonRegisteringDriver.connect(NonRegisteringDriver.java:198) ~[mysql-connector-java-8.0.29.jar:8.0.29]
	at java.sql.DriverManager.getConnection(DriverManager.java:681) ~[java.sql:?]
	at java.sql.DriverManager.getConnection(DriverManager.java:190) ~[java.sql:?]
	at org.datanucleus.store.rdbms.datasource.dbcp2.DriverManagerConnectionFactory.createConnection(DriverManagerConnectionFactory.java:123) ~[datanucleus-rdbms-6.0.3.jar:?]
	at org.datanucleus.store.rdbms.datasource.dbcp2.PoolableConnectionFactory.makeObject(PoolableConnectionFactory.java:353) ~[datanucleus-rdbms-6.0.3.jar:?]
	at org.datanucleus.store.rdbms.datasource.dbcp2.pool2.impl.GenericObjectPool.create(GenericObjectPool.java:899) ~[datanucleus-rdbms-6.0.3.jar:?]
	at org.datanucleus.store.rdbms.datasource.dbcp2.pool2.impl.GenericObjectPool.borrowObject(GenericObjectPool.java:429) ~[datanucleus-rdbms-6.0.3.jar:?]
	at org.datanucleus.store.rdbms.datasource.dbcp2.pool2.impl.GenericObjectPool.borrowObject(GenericObjectPool.java:354) ~[datanucleus-rdbms-6.0.3.jar:?]
	at org.datanucleus.store.rdbms.datasource.dbcp2.PoolingDataSource.getConnection(PoolingDataSource.java:132) ~[datanucleus-rdbms-6.0.3.jar:?]
	at org.datanucleus.store.rdbms.ConnectionFactoryImpl$ManagedConnectionImpl.getConnection(ConnectionFactoryImpl.java:496) ~[datanucleus-rdbms-6.0.3.jar:?]
	at org.datanucleus.store.rdbms.RDBMSStoreManager.<init>(RDBMSStoreManager.java:285) ~[datanucleus-rdbms-6.0.3.jar:?]
	at jdk.internal.reflect.NativeConstructorAccessorImpl.newInstance0(Native Method) ~[?:?]
	at jdk.internal.reflect.NativeConstructorAccessorImpl.newInstance(NativeConstructorAccessorImpl.java:77) ~[?:?]
	at jdk.internal.reflect.DelegatingConstructorAccessorImpl.newInstance(DelegatingConstructorAccessorImpl.java:45) ~[?:?]
	at java.lang.reflect.Constructor.newInstanceWithCaller(Constructor.java:499) ~[?:?]
	at java.lang.reflect.Constructor.newInstance(Constructor.java:480) ~[?:?]
	at org.datanucleus.util.ClassUtils.newInstance(ClassUtils.java:81) ~[datanucleus-core-6.0.3.jar:?]
	at org.datanucleus.plugin.NonManagedPluginRegistry.createExecutableExtension(NonManagedPluginRegistry.java:592) ~[datanucleus-core-6.0.3.jar:?]
	at org.datanucleus.plugin.PluginManager.createExecutableExtension(PluginManager.java:296) ~[datanucleus-core-6.0.3.jar:?]
	at org.datanucleus.store.StoreManagerHelper.createStoreManagerForProperties(StoreManagerHelper.java:77) ~[datanucleus-core-6.0.3.jar:?]
	... 3 more
